{"C:\\Users\\Niranjan\\CodingWorld\\InstantTickets\\server\\src\\app.ts": {"path":"C:\\Users\\Niranjan\\CodingWorld\\InstantTickets\\server\\src\\app.ts","statementMap":{"0":{"start":{"line":1,"column":0},"end":{"line":1,"column":24}},"1":{"start":{"line":2,"column":0},"end":{"line":2,"column":47}},"2":{"start":{"line":3,"column":0},"end":{"line":3,"column":26}},"3":{"start":{"line":4,"column":0},"end":{"line":4,"column":41}},"4":{"start":{"line":5,"column":0},"end":{"line":5,"column":45}},"5":{"start":{"line":6,"column":0},"end":{"line":6,"column":52}},"6":{"start":{"line":7,"column":0},"end":{"line":7,"column":46}},"7":{"start":{"line":8,"column":0},"end":{"line":8,"column":48}},"8":{"start":{"line":9,"column":0},"end":{"line":9,"column":48}},"9":{"start":{"line":10,"column":0},"end":{"line":10,"column":43}},"10":{"start":{"line":13,"column":25},"end":{"line":13,"column":34}},"11":{"start":{"line":16,"column":0},"end":{"line":21,"column":2}},"12":{"start":{"line":22,"column":0},"end":{"line":22,"column":24}},"13":{"start":{"line":23,"column":0},"end":{"line":23,"column":24}},"14":{"start":{"line":26,"column":0},"end":{"line":26,"column":34}},"15":{"start":{"line":27,"column":0},"end":{"line":27,"column":42}},"16":{"start":{"line":28,"column":0},"end":{"line":28,"column":36}},"17":{"start":{"line":29,"column":0},"end":{"line":29,"column":38}},"18":{"start":{"line":30,"column":0},"end":{"line":30,"column":38}},"19":{"start":{"line":33,"column":0},"end":{"line":35,"column":3}},"20":{"start":{"line":34,"column":2},"end":{"line":34,"column":62}},"21":{"start":{"line":37,"column":0},"end":{"line":37,"column":19}}},"fnMap":{"0":{"name":"(anonymous_1)","decl":{"start":{"line":33,"column":8},"end":{"line":33,"column":9}},"loc":{"start":{"line":33,"column":21},"end":{"line":35,"column":1}}}},"branchMap":{},"s":{"0":4,"1":4,"2":4,"3":4,"4":4,"5":4,"6":4,"7":4,"8":4,"9":4,"10":4,"11":4,"12":4,"13":4,"14":4,"15":4,"16":4,"17":4,"18":4,"19":4,"20":1,"21":4},"f":{"0":1},"b":{}}
,"C:\\Users\\Niranjan\\CodingWorld\\InstantTickets\\server\\src\\config\\config.ts": {"path":"C:\\Users\\Niranjan\\CodingWorld\\InstantTickets\\server\\src\\config\\config.ts","statementMap":{"0":{"start":{"line":1,"column":0},"end":{"line":1,"column":28}},"1":{"start":{"line":2,"column":0},"end":{"line":2,"column":16}},"2":{"start":{"line":4,"column":13},"end":{"line":14,"column":3}}},"fnMap":{},"branchMap":{},"s":{"0":4,"1":4,"2":4},"f":{},"b":{}}
,"C:\\Users\\Niranjan\\CodingWorld\\InstantTickets\\server\\src\\config\\enum.ts": {"path":"C:\\Users\\Niranjan\\CodingWorld\\InstantTickets\\server\\src\\config\\enum.ts","statementMap":{"0":{"start":{"line":1,"column":0},"end":{"line":1,"column":null}},"1":{"start":{"line":2,"column":2},"end":{"line":2,"column":null}},"2":{"start":{"line":3,"column":2},"end":{"line":3,"column":null}},"3":{"start":{"line":4,"column":2},"end":{"line":4,"column":null}},"4":{"start":{"line":7,"column":0},"end":{"line":7,"column":null}},"5":{"start":{"line":8,"column":2},"end":{"line":8,"column":null}},"6":{"start":{"line":9,"column":2},"end":{"line":9,"column":null}},"7":{"start":{"line":12,"column":0},"end":{"line":12,"column":null}},"8":{"start":{"line":13,"column":2},"end":{"line":13,"column":null}},"9":{"start":{"line":14,"column":2},"end":{"line":14,"column":null}},"10":{"start":{"line":15,"column":2},"end":{"line":15,"column":null}}},"fnMap":{"0":{"name":"(anonymous_0)","decl":{"start":{"line":1,"column":0},"end":{"line":1,"column":12}},"loc":{"start":{"line":1,"column":22},"end":{"line":5,"column":1}}},"1":{"name":"(anonymous_1)","decl":{"start":{"line":7,"column":0},"end":{"line":7,"column":12}},"loc":{"start":{"line":7,"column":24},"end":{"line":10,"column":1}}},"2":{"name":"(anonymous_2)","decl":{"start":{"line":12,"column":0},"end":{"line":12,"column":12}},"loc":{"start":{"line":12,"column":17},"end":{"line":16,"column":1}}}},"branchMap":{"0":{"loc":{"start":{"line":1,"column":12},"end":{"line":1,"column":null}},"type":"binary-expr","locations":[{"start":{"line":1,"column":12},"end":{"line":1,"column":22}},{"start":{"line":1,"column":22},"end":{"line":1,"column":null}}]},"1":{"loc":{"start":{"line":7,"column":12},"end":{"line":7,"column":null}},"type":"binary-expr","locations":[{"start":{"line":7,"column":12},"end":{"line":7,"column":24}},{"start":{"line":7,"column":24},"end":{"line":7,"column":null}}]},"2":{"loc":{"start":{"line":12,"column":12},"end":{"line":12,"column":null}},"type":"binary-expr","locations":[{"start":{"line":12,"column":12},"end":{"line":12,"column":17}},{"start":{"line":12,"column":17},"end":{"line":12,"column":null}}]}},"s":{"0":4,"1":4,"2":4,"3":4,"4":4,"5":4,"6":4,"7":4,"8":4,"9":4,"10":4},"f":{"0":4,"1":4,"2":4},"b":{"0":[4,4],"1":[4,4],"2":[4,4]}}
,"C:\\Users\\Niranjan\\CodingWorld\\InstantTickets\\server\\src\\config\\logger.ts": {"path":"C:\\Users\\Niranjan\\CodingWorld\\InstantTickets\\server\\src\\config\\logger.ts","statementMap":{"0":{"start":{"line":55,"column":0},"end":{"line":55,"column":16}},"1":{"start":{"line":1,"column":0},"end":{"line":1,"column":34}},"2":{"start":{"line":3,"column":13},"end":{"line":53,"column":3}},"3":{"start":{"line":14,"column":38},"end":{"line":14,"column":74}},"4":{"start":{"line":17,"column":35},"end":{"line":17,"column":66}},"5":{"start":{"line":25,"column":42},"end":{"line":25,"column":84}},"6":{"start":{"line":26,"column":45},"end":{"line":26,"column":90}},"7":{"start":{"line":56,"column":2},"end":{"line":56,"column":50}},"8":{"start":{"line":57,"column":2},"end":{"line":57,"column":52}}},"fnMap":{"0":{"name":"(anonymous_0)","decl":{"start":{"line":14,"column":19},"end":{"line":14,"column":20}},"loc":{"start":{"line":14,"column":38},"end":{"line":14,"column":74}}},"1":{"name":"(anonymous_1)","decl":{"start":{"line":17,"column":16},"end":{"line":17,"column":17}},"loc":{"start":{"line":17,"column":35},"end":{"line":17,"column":66}}},"2":{"name":"(anonymous_2)","decl":{"start":{"line":25,"column":20},"end":{"line":25,"column":21}},"loc":{"start":{"line":25,"column":42},"end":{"line":25,"column":84}}},"3":{"name":"(anonymous_3)","decl":{"start":{"line":26,"column":23},"end":{"line":26,"column":24}},"loc":{"start":{"line":26,"column":45},"end":{"line":26,"column":90}}},"4":{"name":"logError","decl":{"start":{"line":55,"column":16},"end":{"line":55,"column":24}},"loc":{"start":{"line":55,"column":37},"end":{"line":58,"column":1}}}},"branchMap":{},"s":{"0":4,"1":4,"2":4,"3":0,"4":0,"5":0,"6":0,"7":0,"8":0},"f":{"0":0,"1":0,"2":0,"3":0,"4":0},"b":{}}
,"C:\\Users\\Niranjan\\CodingWorld\\InstantTickets\\server\\src\\controllers\\auth.controller.ts": {"path":"C:\\Users\\Niranjan\\CodingWorld\\InstantTickets\\server\\src\\controllers\\auth.controller.ts","statementMap":{"0":{"start":{"line":1,"column":0},"end":{"line":1,"column":31}},"1":{"start":{"line":3,"column":0},"end":{"line":3,"column":71}},"2":{"start":{"line":4,"column":0},"end":{"line":4,"column":67}},"3":{"start":{"line":5,"column":0},"end":{"line":5,"column":55}},"4":{"start":{"line":6,"column":0},"end":{"line":6,"column":42}},"5":{"start":{"line":7,"column":0},"end":{"line":7,"column":39}},"6":{"start":{"line":8,"column":0},"end":{"line":8,"column":44}},"7":{"start":{"line":10,"column":13},"end":{"line":113,"column":2}},"8":{"start":{"line":11,"column":48},"end":{"line":56,"column":null}},"9":{"start":{"line":12,"column":4},"end":{"line":55,"column":5}},"10":{"start":{"line":13,"column":40},"end":{"line":13,"column":48}},"11":{"start":{"line":16,"column":6},"end":{"line":22,"column":7}},"12":{"start":{"line":17,"column":8},"end":{"line":17,"column":71}},"13":{"start":{"line":18,"column":13},"end":{"line":22,"column":7}},"14":{"start":{"line":19,"column":8},"end":{"line":19,"column":67}},"15":{"start":{"line":21,"column":8},"end":{"line":21,"column":55}},"16":{"start":{"line":24,"column":6},"end":{"line":29,"column":7}},"17":{"start":{"line":25,"column":8},"end":{"line":27,"column":11}},"18":{"start":{"line":28,"column":8},"end":{"line":28,"column":15}},"19":{"start":{"line":31,"column":6},"end":{"line":36,"column":7}},"20":{"start":{"line":32,"column":8},"end":{"line":34,"column":11}},"21":{"start":{"line":35,"column":8},"end":{"line":35,"column":15}},"22":{"start":{"line":39,"column":20},"end":{"line":41,"column":8}},"23":{"start":{"line":42,"column":6},"end":{"line":45,"column":9}},"24":{"start":{"line":46,"column":6},"end":{"line":49,"column":9}},"25":{"start":{"line":51,"column":6},"end":{"line":54,"column":9}},"26":{"start":{"line":58,"column":48},"end":{"line":100,"column":null}},"27":{"start":{"line":59,"column":4},"end":{"line":99,"column":5}},"28":{"start":{"line":60,"column":40},"end":{"line":60,"column":48}},"29":{"start":{"line":62,"column":6},"end":{"line":71,"column":7}},"30":{"start":{"line":67,"column":8},"end":{"line":69,"column":11}},"31":{"start":{"line":70,"column":8},"end":{"line":70,"column":15}},"32":{"start":{"line":74,"column":6},"end":{"line":80,"column":7}},"33":{"start":{"line":75,"column":8},"end":{"line":75,"column":81}},"34":{"start":{"line":76,"column":13},"end":{"line":80,"column":7}},"35":{"start":{"line":77,"column":8},"end":{"line":77,"column":77}},"36":{"start":{"line":79,"column":8},"end":{"line":79,"column":65}},"37":{"start":{"line":83,"column":20},"end":{"line":85,"column":8}},"38":{"start":{"line":86,"column":6},"end":{"line":89,"column":9}},"39":{"start":{"line":90,"column":6},"end":{"line":93,"column":9}},"40":{"start":{"line":95,"column":6},"end":{"line":98,"column":9}},"41":{"start":{"line":102,"column":48},"end":{"line":112,"column":null}},"42":{"start":{"line":103,"column":4},"end":{"line":111,"column":5}},"43":{"start":{"line":104,"column":6},"end":{"line":104,"column":31}},"44":{"start":{"line":105,"column":6},"end":{"line":105,"column":29}},"45":{"start":{"line":107,"column":6},"end":{"line":110,"column":9}}},"fnMap":{"0":{"name":"(anonymous_8)","decl":{"start":{"line":11,"column":10},"end":{"line":11,"column":17}},"loc":{"start":{"line":11,"column":48},"end":{"line":56,"column":null}}},"1":{"name":"(anonymous_9)","decl":{"start":{"line":11,"column":48},"end":{"line":11,"column":null}},"loc":{"start":{"line":11,"column":48},"end":{"line":56,"column":3}}},"2":{"name":"(anonymous_10)","decl":{"start":{"line":58,"column":10},"end":{"line":58,"column":17}},"loc":{"start":{"line":58,"column":48},"end":{"line":100,"column":null}}},"3":{"name":"(anonymous_11)","decl":{"start":{"line":58,"column":48},"end":{"line":58,"column":null}},"loc":{"start":{"line":58,"column":48},"end":{"line":100,"column":3}}},"4":{"name":"(anonymous_12)","decl":{"start":{"line":102,"column":10},"end":{"line":102,"column":17}},"loc":{"start":{"line":102,"column":48},"end":{"line":112,"column":null}}},"5":{"name":"(anonymous_13)","decl":{"start":{"line":102,"column":48},"end":{"line":102,"column":null}},"loc":{"start":{"line":102,"column":48},"end":{"line":112,"column":3}}}},"branchMap":{"0":{"loc":{"start":{"line":16,"column":6},"end":{"line":22,"column":7}},"type":"if","locations":[{"start":{"line":16,"column":6},"end":{"line":22,"column":7}},{"start":{"line":18,"column":13},"end":{"line":22,"column":7}}]},"1":{"loc":{"start":{"line":18,"column":13},"end":{"line":22,"column":7}},"type":"if","locations":[{"start":{"line":18,"column":13},"end":{"line":22,"column":7}},{"start":{"line":20,"column":13},"end":{"line":22,"column":7}}]},"2":{"loc":{"start":{"line":24,"column":6},"end":{"line":29,"column":7}},"type":"if","locations":[{"start":{"line":24,"column":6},"end":{"line":29,"column":7}}]},"3":{"loc":{"start":{"line":31,"column":6},"end":{"line":36,"column":7}},"type":"if","locations":[{"start":{"line":31,"column":6},"end":{"line":36,"column":7}}]},"4":{"loc":{"start":{"line":62,"column":6},"end":{"line":71,"column":7}},"type":"if","locations":[{"start":{"line":62,"column":6},"end":{"line":71,"column":7}}]},"5":{"loc":{"start":{"line":63,"column":8},"end":{"line":65,"column":49}},"type":"binary-expr","locations":[{"start":{"line":63,"column":9},"end":{"line":63,"column":64}},{"start":{"line":64,"column":9},"end":{"line":64,"column":60}},{"start":{"line":65,"column":9},"end":{"line":65,"column":48}}]},"6":{"loc":{"start":{"line":74,"column":6},"end":{"line":80,"column":7}},"type":"if","locations":[{"start":{"line":74,"column":6},"end":{"line":80,"column":7}},{"start":{"line":76,"column":13},"end":{"line":80,"column":7}}]},"7":{"loc":{"start":{"line":76,"column":13},"end":{"line":80,"column":7}},"type":"if","locations":[{"start":{"line":76,"column":13},"end":{"line":80,"column":7}},{"start":{"line":78,"column":13},"end":{"line":80,"column":7}}]}},"s":{"0":4,"1":4,"2":4,"3":4,"4":4,"5":4,"6":4,"7":4,"8":2,"9":2,"10":2,"11":2,"12":1,"13":1,"14":0,"15":1,"16":2,"17":1,"18":1,"19":1,"20":0,"21":0,"22":1,"23":1,"24":1,"25":0,"26":2,"27":2,"28":2,"29":2,"30":1,"31":1,"32":1,"33":0,"34":1,"35":0,"36":1,"37":1,"38":1,"39":1,"40":0,"41":1,"42":1,"43":1,"44":1,"45":0},"f":{"0":2,"1":2,"2":2,"3":2,"4":1,"5":1},"b":{"0":[1,1],"1":[0,1],"2":[1],"3":[0],"4":[1],"5":[2,2,2],"6":[0,1],"7":[0,1]}}
,"C:\\Users\\Niranjan\\CodingWorld\\InstantTickets\\server\\src\\controllers\\booking.controller.ts": {"path":"C:\\Users\\Niranjan\\CodingWorld\\InstantTickets\\server\\src\\controllers\\booking.controller.ts","statementMap":{"0":{"start":{"line":2,"column":0},"end":{"line":2,"column":61}},"1":{"start":{"line":3,"column":0},"end":{"line":3,"column":54}},"2":{"start":{"line":5,"column":13},"end":{"line":33,"column":2}},"3":{"start":{"line":6,"column":55},"end":{"line":32,"column":null}},"4":{"start":{"line":7,"column":4},"end":{"line":31,"column":5}},"5":{"start":{"line":8,"column":55},"end":{"line":8,"column":63}},"6":{"start":{"line":9,"column":22},"end":{"line":15,"column":8}},"7":{"start":{"line":17,"column":6},"end":{"line":20,"column":9}},"8":{"start":{"line":22,"column":6},"end":{"line":26,"column":7}},"9":{"start":{"line":23,"column":8},"end":{"line":23,"column":24}},"10":{"start":{"line":25,"column":8},"end":{"line":25,"column":46}},"11":{"start":{"line":28,"column":6},"end":{"line":30,"column":9}}},"fnMap":{"0":{"name":"(anonymous_7)","decl":{"start":{"line":6,"column":17},"end":{"line":6,"column":24}},"loc":{"start":{"line":6,"column":55},"end":{"line":32,"column":null}}},"1":{"name":"(anonymous_8)","decl":{"start":{"line":6,"column":55},"end":{"line":6,"column":null}},"loc":{"start":{"line":6,"column":55},"end":{"line":32,"column":3}}}},"branchMap":{"0":{"loc":{"start":{"line":22,"column":6},"end":{"line":26,"column":7}},"type":"if","locations":[{"start":{"line":22,"column":6},"end":{"line":26,"column":7}},{"start":{"line":24,"column":13},"end":{"line":26,"column":7}}]}},"s":{"0":4,"1":4,"2":4,"3":0,"4":0,"5":0,"6":0,"7":0,"8":0,"9":0,"10":0,"11":0},"f":{"0":0,"1":0},"b":{"0":[0,0]}}
,"C:\\Users\\Niranjan\\CodingWorld\\InstantTickets\\server\\src\\controllers\\movie.controller.ts": {"path":"C:\\Users\\Niranjan\\CodingWorld\\InstantTickets\\server\\src\\controllers\\movie.controller.ts","statementMap":{"0":{"start":{"line":1,"column":0},"end":{"line":1,"column":85}},"1":{"start":{"line":3,"column":0},"end":{"line":3,"column":57}},"2":{"start":{"line":4,"column":0},"end":{"line":4,"column":67}},"3":{"start":{"line":5,"column":0},"end":{"line":5,"column":42}},"4":{"start":{"line":6,"column":0},"end":{"line":6,"column":44}},"5":{"start":{"line":13,"column":13},"end":{"line":115,"column":2}},"6":{"start":{"line":14,"column":53},"end":{"line":49,"column":null}},"7":{"start":{"line":15,"column":4},"end":{"line":48,"column":5}},"8":{"start":{"line":16,"column":20},"end":{"line":16,"column":37}},"9":{"start":{"line":17,"column":6},"end":{"line":20,"column":7}},"10":{"start":{"line":18,"column":8},"end":{"line":18,"column":79}},"11":{"start":{"line":19,"column":8},"end":{"line":19,"column":15}},"12":{"start":{"line":22,"column":24},"end":{"line":22,"column":86}},"13":{"start":{"line":23,"column":65},"end":{"line":23,"column":73}},"14":{"start":{"line":24,"column":20},"end":{"line":31,"column":8}},"15":{"start":{"line":33,"column":6},"end":{"line":33,"column":58}},"16":{"start":{"line":34,"column":6},"end":{"line":34,"column":87}},"17":{"start":{"line":36,"column":6},"end":{"line":39,"column":7}},"18":{"start":{"line":37,"column":8},"end":{"line":37,"column":80}},"19":{"start":{"line":38,"column":8},"end":{"line":38,"column":15}},"20":{"start":{"line":40,"column":6},"end":{"line":43,"column":7}},"21":{"start":{"line":41,"column":8},"end":{"line":41,"column":60}},"22":{"start":{"line":42,"column":8},"end":{"line":42,"column":15}},"23":{"start":{"line":44,"column":6},"end":{"line":47,"column":9}},"24":{"start":{"line":51,"column":63},"end":{"line":78,"column":null}},"25":{"start":{"line":52,"column":4},"end":{"line":77,"column":5}},"26":{"start":{"line":53,"column":20},"end":{"line":53,"column":37}},"27":{"start":{"line":54,"column":6},"end":{"line":57,"column":7}},"28":{"start":{"line":55,"column":8},"end":{"line":55,"column":73}},"29":{"start":{"line":56,"column":8},"end":{"line":56,"column":15}},"30":{"start":{"line":59,"column":24},"end":{"line":59,"column":86}},"31":{"start":{"line":60,"column":21},"end":{"line":60,"column":68}},"32":{"start":{"line":61,"column":6},"end":{"line":63,"column":9}},"33":{"start":{"line":65,"column":6},"end":{"line":68,"column":7}},"34":{"start":{"line":66,"column":8},"end":{"line":66,"column":80}},"35":{"start":{"line":67,"column":8},"end":{"line":67,"column":15}},"36":{"start":{"line":69,"column":6},"end":{"line":72,"column":7}},"37":{"start":{"line":70,"column":8},"end":{"line":70,"column":60}},"38":{"start":{"line":71,"column":8},"end":{"line":71,"column":15}},"39":{"start":{"line":73,"column":6},"end":{"line":76,"column":9}},"40":{"start":{"line":80,"column":57},"end":{"line":93,"column":null}},"41":{"start":{"line":81,"column":4},"end":{"line":92,"column":5}},"42":{"start":{"line":82,"column":23},"end":{"line":82,"column":33}},"43":{"start":{"line":83,"column":21},"end":{"line":83,"column":61}},"44":{"start":{"line":84,"column":6},"end":{"line":86,"column":9}},"45":{"start":{"line":88,"column":6},"end":{"line":91,"column":9}},"46":{"start":{"line":95,"column":53},"end":{"line":114,"column":null}},"47":{"start":{"line":96,"column":4},"end":{"line":113,"column":5}},"48":{"start":{"line":97,"column":26},"end":{"line":97,"column":36}},"49":{"start":{"line":98,"column":65},"end":{"line":98,"column":73}},"50":{"start":{"line":99,"column":6},"end":{"line":106,"column":9}},"51":{"start":{"line":107,"column":6},"end":{"line":107,"column":70}},"52":{"start":{"line":109,"column":6},"end":{"line":112,"column":9}}},"fnMap":{"0":{"name":"(anonymous_16)","decl":{"start":{"line":14,"column":15},"end":{"line":14,"column":22}},"loc":{"start":{"line":14,"column":53},"end":{"line":49,"column":null}}},"1":{"name":"(anonymous_17)","decl":{"start":{"line":14,"column":53},"end":{"line":14,"column":null}},"loc":{"start":{"line":14,"column":53},"end":{"line":49,"column":3}}},"2":{"name":"(anonymous_18)","decl":{"start":{"line":51,"column":25},"end":{"line":51,"column":32}},"loc":{"start":{"line":51,"column":63},"end":{"line":78,"column":null}}},"3":{"name":"(anonymous_19)","decl":{"start":{"line":51,"column":63},"end":{"line":51,"column":null}},"loc":{"start":{"line":51,"column":63},"end":{"line":78,"column":3}}},"4":{"name":"(anonymous_20)","decl":{"start":{"line":80,"column":19},"end":{"line":80,"column":26}},"loc":{"start":{"line":80,"column":57},"end":{"line":93,"column":null}}},"5":{"name":"(anonymous_21)","decl":{"start":{"line":80,"column":57},"end":{"line":80,"column":null}},"loc":{"start":{"line":80,"column":57},"end":{"line":93,"column":3}}},"6":{"name":"(anonymous_22)","decl":{"start":{"line":95,"column":15},"end":{"line":95,"column":22}},"loc":{"start":{"line":95,"column":53},"end":{"line":114,"column":null}}},"7":{"name":"(anonymous_23)","decl":{"start":{"line":95,"column":53},"end":{"line":95,"column":null}},"loc":{"start":{"line":95,"column":53},"end":{"line":114,"column":3}}}},"branchMap":{"0":{"loc":{"start":{"line":17,"column":6},"end":{"line":20,"column":7}},"type":"if","locations":[{"start":{"line":17,"column":6},"end":{"line":20,"column":7}}]},"1":{"loc":{"start":{"line":36,"column":6},"end":{"line":39,"column":7}},"type":"if","locations":[{"start":{"line":36,"column":6},"end":{"line":39,"column":7}}]},"2":{"loc":{"start":{"line":40,"column":6},"end":{"line":43,"column":7}},"type":"if","locations":[{"start":{"line":40,"column":6},"end":{"line":43,"column":7}}]},"3":{"loc":{"start":{"line":54,"column":6},"end":{"line":57,"column":7}},"type":"if","locations":[{"start":{"line":54,"column":6},"end":{"line":57,"column":7}}]},"4":{"loc":{"start":{"line":65,"column":6},"end":{"line":68,"column":7}},"type":"if","locations":[{"start":{"line":65,"column":6},"end":{"line":68,"column":7}}]},"5":{"loc":{"start":{"line":69,"column":6},"end":{"line":72,"column":7}},"type":"if","locations":[{"start":{"line":69,"column":6},"end":{"line":72,"column":7}}]}},"s":{"0":4,"1":4,"2":4,"3":4,"4":4,"5":4,"6":5,"7":5,"8":5,"9":5,"10":1,"11":1,"12":4,"13":2,"14":2,"15":2,"16":2,"17":2,"18":1,"19":1,"20":1,"21":1,"22":1,"23":0,"24":1,"25":1,"26":1,"27":1,"28":0,"29":0,"30":1,"31":1,"32":1,"33":0,"34":0,"35":0,"36":0,"37":0,"38":0,"39":0,"40":1,"41":1,"42":1,"43":1,"44":1,"45":0,"46":1,"47":1,"48":1,"49":1,"50":1,"51":1,"52":0},"f":{"0":5,"1":5,"2":1,"3":1,"4":1,"5":1,"6":1,"7":1},"b":{"0":[1],"1":[1],"2":[1],"3":[0],"4":[0],"5":[0]}}
,"C:\\Users\\Niranjan\\CodingWorld\\InstantTickets\\server\\src\\controllers\\show.controller.ts": {"path":"C:\\Users\\Niranjan\\CodingWorld\\InstantTickets\\server\\src\\controllers\\show.controller.ts","statementMap":{"0":{"start":{"line":2,"column":0},"end":{"line":2,"column":55}},"1":{"start":{"line":3,"column":0},"end":{"line":3,"column":44}},"2":{"start":{"line":5,"column":13},"end":{"line":92,"column":2}},"3":{"start":{"line":6,"column":52},"end":{"line":25,"column":null}},"4":{"start":{"line":7,"column":4},"end":{"line":24,"column":5}},"5":{"start":{"line":8,"column":85},"end":{"line":8,"column":93}},"6":{"start":{"line":9,"column":19},"end":{"line":17,"column":8}},"7":{"start":{"line":18,"column":6},"end":{"line":18,"column":82}},"8":{"start":{"line":20,"column":6},"end":{"line":23,"column":9}},"9":{"start":{"line":27,"column":53},"end":{"line":55,"column":null}},"10":{"start":{"line":28,"column":4},"end":{"line":54,"column":5}},"11":{"start":{"line":29,"column":21},"end":{"line":29,"column":45}},"12":{"start":{"line":30,"column":19},"end":{"line":30,"column":56}},"13":{"start":{"line":32,"column":6},"end":{"line":37,"column":7}},"14":{"start":{"line":33,"column":8},"end":{"line":35,"column":11}},"15":{"start":{"line":36,"column":8},"end":{"line":36,"column":15}},"16":{"start":{"line":39,"column":6},"end":{"line":48,"column":9}},"17":{"start":{"line":50,"column":6},"end":{"line":53,"column":9}},"18":{"start":{"line":57,"column":59},"end":{"line":70,"column":null}},"19":{"start":{"line":58,"column":4},"end":{"line":69,"column":5}},"20":{"start":{"line":59,"column":22},"end":{"line":59,"column":47}},"21":{"start":{"line":60,"column":20},"end":{"line":60,"column":64}},"22":{"start":{"line":61,"column":6},"end":{"line":63,"column":9}},"23":{"start":{"line":65,"column":6},"end":{"line":68,"column":9}},"24":{"start":{"line":72,"column":52},"end":{"line":91,"column":null}},"25":{"start":{"line":73,"column":4},"end":{"line":90,"column":5}},"26":{"start":{"line":74,"column":21},"end":{"line":74,"column":45}},"27":{"start":{"line":75,"column":22},"end":{"line":75,"column":58}},"28":{"start":{"line":77,"column":6},"end":{"line":82,"column":7}},"29":{"start":{"line":78,"column":8},"end":{"line":80,"column":11}},"30":{"start":{"line":81,"column":8},"end":{"line":81,"column":15}},"31":{"start":{"line":84,"column":6},"end":{"line":84,"column":36}},"32":{"start":{"line":86,"column":6},"end":{"line":89,"column":9}}},"fnMap":{"0":{"name":"(anonymous_7)","decl":{"start":{"line":6,"column":14},"end":{"line":6,"column":21}},"loc":{"start":{"line":6,"column":52},"end":{"line":25,"column":null}}},"1":{"name":"(anonymous_8)","decl":{"start":{"line":6,"column":52},"end":{"line":6,"column":null}},"loc":{"start":{"line":6,"column":52},"end":{"line":25,"column":3}}},"2":{"name":"(anonymous_9)","decl":{"start":{"line":27,"column":15},"end":{"line":27,"column":22}},"loc":{"start":{"line":27,"column":53},"end":{"line":55,"column":null}}},"3":{"name":"(anonymous_10)","decl":{"start":{"line":27,"column":53},"end":{"line":27,"column":null}},"loc":{"start":{"line":27,"column":53},"end":{"line":55,"column":3}}},"4":{"name":"(anonymous_11)","decl":{"start":{"line":57,"column":21},"end":{"line":57,"column":28}},"loc":{"start":{"line":57,"column":59},"end":{"line":70,"column":null}}},"5":{"name":"(anonymous_12)","decl":{"start":{"line":57,"column":59},"end":{"line":57,"column":null}},"loc":{"start":{"line":57,"column":59},"end":{"line":70,"column":3}}},"6":{"name":"(anonymous_13)","decl":{"start":{"line":72,"column":14},"end":{"line":72,"column":21}},"loc":{"start":{"line":72,"column":52},"end":{"line":91,"column":null}}},"7":{"name":"(anonymous_14)","decl":{"start":{"line":72,"column":52},"end":{"line":72,"column":null}},"loc":{"start":{"line":72,"column":52},"end":{"line":91,"column":3}}}},"branchMap":{"0":{"loc":{"start":{"line":32,"column":6},"end":{"line":37,"column":7}},"type":"if","locations":[{"start":{"line":32,"column":6},"end":{"line":37,"column":7}}]},"1":{"loc":{"start":{"line":77,"column":6},"end":{"line":82,"column":7}},"type":"if","locations":[{"start":{"line":77,"column":6},"end":{"line":82,"column":7}}]}},"s":{"0":4,"1":4,"2":4,"3":1,"4":1,"5":1,"6":1,"7":1,"8":0,"9":2,"10":2,"11":2,"12":2,"13":2,"14":1,"15":1,"16":1,"17":0,"18":1,"19":1,"20":1,"21":1,"22":1,"23":0,"24":1,"25":1,"26":1,"27":1,"28":1,"29":0,"30":0,"31":1,"32":0},"f":{"0":1,"1":1,"2":2,"3":2,"4":1,"5":1,"6":1,"7":1},"b":{"0":[1],"1":[0]}}
,"C:\\Users\\Niranjan\\CodingWorld\\InstantTickets\\server\\src\\controllers\\venue.controller.ts": {"path":"C:\\Users\\Niranjan\\CodingWorld\\InstantTickets\\server\\src\\controllers\\venue.controller.ts","statementMap":{"0":{"start":{"line":1,"column":0},"end":{"line":1,"column":85}},"1":{"start":{"line":3,"column":0},"end":{"line":3,"column":57}},"2":{"start":{"line":4,"column":0},"end":{"line":4,"column":71}},"3":{"start":{"line":5,"column":0},"end":{"line":5,"column":42}},"4":{"start":{"line":6,"column":0},"end":{"line":6,"column":44}},"5":{"start":{"line":13,"column":13},"end":{"line":111,"column":2}},"6":{"start":{"line":14,"column":53},"end":{"line":54,"column":null}},"7":{"start":{"line":15,"column":4},"end":{"line":53,"column":5}},"8":{"start":{"line":16,"column":20},"end":{"line":16,"column":37}},"9":{"start":{"line":17,"column":6},"end":{"line":20,"column":7}},"10":{"start":{"line":18,"column":8},"end":{"line":18,"column":73}},"11":{"start":{"line":19,"column":8},"end":{"line":19,"column":15}},"12":{"start":{"line":22,"column":24},"end":{"line":22,"column":86}},"13":{"start":{"line":23,"column":54},"end":{"line":23,"column":62}},"14":{"start":{"line":24,"column":26},"end":{"line":24,"column":73}},"15":{"start":{"line":25,"column":6},"end":{"line":28,"column":7}},"16":{"start":{"line":26,"column":8},"end":{"line":26,"column":88}},"17":{"start":{"line":27,"column":8},"end":{"line":27,"column":15}},"18":{"start":{"line":30,"column":20},"end":{"line":36,"column":8}},"19":{"start":{"line":38,"column":6},"end":{"line":38,"column":60}},"20":{"start":{"line":39,"column":6},"end":{"line":39,"column":87}},"21":{"start":{"line":41,"column":6},"end":{"line":44,"column":7}},"22":{"start":{"line":42,"column":8},"end":{"line":42,"column":80}},"23":{"start":{"line":43,"column":8},"end":{"line":43,"column":15}},"24":{"start":{"line":45,"column":6},"end":{"line":48,"column":7}},"25":{"start":{"line":46,"column":8},"end":{"line":46,"column":60}},"26":{"start":{"line":47,"column":8},"end":{"line":47,"column":15}},"27":{"start":{"line":49,"column":6},"end":{"line":52,"column":9}},"28":{"start":{"line":56,"column":54},"end":{"line":82,"column":null}},"29":{"start":{"line":57,"column":4},"end":{"line":81,"column":5}},"30":{"start":{"line":58,"column":22},"end":{"line":58,"column":47}},"31":{"start":{"line":59,"column":20},"end":{"line":59,"column":60}},"32":{"start":{"line":61,"column":6},"end":{"line":66,"column":7}},"33":{"start":{"line":62,"column":8},"end":{"line":64,"column":11}},"34":{"start":{"line":65,"column":8},"end":{"line":65,"column":15}},"35":{"start":{"line":68,"column":6},"end":{"line":75,"column":9}},"36":{"start":{"line":77,"column":6},"end":{"line":80,"column":9}},"37":{"start":{"line":84,"column":63},"end":{"line":110,"column":null}},"38":{"start":{"line":85,"column":4},"end":{"line":109,"column":5}},"39":{"start":{"line":86,"column":20},"end":{"line":86,"column":37}},"40":{"start":{"line":87,"column":6},"end":{"line":90,"column":7}},"41":{"start":{"line":88,"column":8},"end":{"line":88,"column":73}},"42":{"start":{"line":89,"column":8},"end":{"line":89,"column":15}},"43":{"start":{"line":91,"column":24},"end":{"line":91,"column":86}},"44":{"start":{"line":92,"column":21},"end":{"line":92,"column":68}},"45":{"start":{"line":93,"column":6},"end":{"line":95,"column":9}},"46":{"start":{"line":97,"column":6},"end":{"line":100,"column":7}},"47":{"start":{"line":98,"column":8},"end":{"line":98,"column":80}},"48":{"start":{"line":99,"column":8},"end":{"line":99,"column":15}},"49":{"start":{"line":101,"column":6},"end":{"line":104,"column":7}},"50":{"start":{"line":102,"column":8},"end":{"line":102,"column":60}},"51":{"start":{"line":103,"column":8},"end":{"line":103,"column":15}},"52":{"start":{"line":105,"column":6},"end":{"line":108,"column":9}}},"fnMap":{"0":{"name":"(anonymous_16)","decl":{"start":{"line":14,"column":15},"end":{"line":14,"column":22}},"loc":{"start":{"line":14,"column":53},"end":{"line":54,"column":null}}},"1":{"name":"(anonymous_17)","decl":{"start":{"line":14,"column":53},"end":{"line":14,"column":null}},"loc":{"start":{"line":14,"column":53},"end":{"line":54,"column":3}}},"2":{"name":"(anonymous_18)","decl":{"start":{"line":56,"column":16},"end":{"line":56,"column":23}},"loc":{"start":{"line":56,"column":54},"end":{"line":82,"column":null}}},"3":{"name":"(anonymous_19)","decl":{"start":{"line":56,"column":54},"end":{"line":56,"column":null}},"loc":{"start":{"line":56,"column":54},"end":{"line":82,"column":3}}},"4":{"name":"(anonymous_20)","decl":{"start":{"line":84,"column":25},"end":{"line":84,"column":32}},"loc":{"start":{"line":84,"column":63},"end":{"line":110,"column":null}}},"5":{"name":"(anonymous_21)","decl":{"start":{"line":84,"column":63},"end":{"line":84,"column":null}},"loc":{"start":{"line":84,"column":63},"end":{"line":110,"column":3}}}},"branchMap":{"0":{"loc":{"start":{"line":17,"column":6},"end":{"line":20,"column":7}},"type":"if","locations":[{"start":{"line":17,"column":6},"end":{"line":20,"column":7}}]},"1":{"loc":{"start":{"line":25,"column":6},"end":{"line":28,"column":7}},"type":"if","locations":[{"start":{"line":25,"column":6},"end":{"line":28,"column":7}}]},"2":{"loc":{"start":{"line":41,"column":6},"end":{"line":44,"column":7}},"type":"if","locations":[{"start":{"line":41,"column":6},"end":{"line":44,"column":7}}]},"3":{"loc":{"start":{"line":45,"column":6},"end":{"line":48,"column":7}},"type":"if","locations":[{"start":{"line":45,"column":6},"end":{"line":48,"column":7}}]},"4":{"loc":{"start":{"line":61,"column":6},"end":{"line":66,"column":7}},"type":"if","locations":[{"start":{"line":61,"column":6},"end":{"line":66,"column":7}}]},"5":{"loc":{"start":{"line":87,"column":6},"end":{"line":90,"column":7}},"type":"if","locations":[{"start":{"line":87,"column":6},"end":{"line":90,"column":7}}]},"6":{"loc":{"start":{"line":97,"column":6},"end":{"line":100,"column":7}},"type":"if","locations":[{"start":{"line":97,"column":6},"end":{"line":100,"column":7}}]},"7":{"loc":{"start":{"line":101,"column":6},"end":{"line":104,"column":7}},"type":"if","locations":[{"start":{"line":101,"column":6},"end":{"line":104,"column":7}}]}},"s":{"0":4,"1":4,"2":4,"3":4,"4":4,"5":4,"6":3,"7":3,"8":3,"9":3,"10":0,"11":0,"12":3,"13":3,"14":3,"15":3,"16":1,"17":1,"18":2,"19":2,"20":2,"21":0,"22":0,"23":0,"24":0,"25":0,"26":0,"27":0,"28":0,"29":0,"30":0,"31":0,"32":0,"33":0,"34":0,"35":0,"36":0,"37":1,"38":1,"39":1,"40":1,"41":0,"42":0,"43":1,"44":1,"45":1,"46":0,"47":0,"48":0,"49":0,"50":0,"51":0,"52":0},"f":{"0":3,"1":3,"2":0,"3":0,"4":1,"5":1},"b":{"0":[0],"1":[1],"2":[0],"3":[0],"4":[0],"5":[0],"6":[0],"7":[0]}}
,"C:\\Users\\Niranjan\\CodingWorld\\InstantTickets\\server\\src\\dto\\CreateBooking.dto.ts": {"path":"C:\\Users\\Niranjan\\CodingWorld\\InstantTickets\\server\\src\\dto\\CreateBooking.dto.ts","statementMap":{"0":{"start":{"line":1,"column":0},"end":{"line":1,"column":79}},"1":{"start":{"line":3,"column":0},"end":{"line":3,"column":13}},"2":{"start":{"line":6,"column":2},"end":{"line":6,"column":null}},"3":{"start":{"line":10,"column":2},"end":{"line":10,"column":null}},"4":{"start":{"line":14,"column":2},"end":{"line":14,"column":null}},"5":{"start":{"line":20,"column":2},"end":{"line":20,"column":null}}},"fnMap":{},"branchMap":{},"s":{"0":4,"1":4,"2":4,"3":4,"4":4,"5":4},"f":{},"b":{}}
,"C:\\Users\\Niranjan\\CodingWorld\\InstantTickets\\server\\src\\dto\\CreateMovie.dto.ts": {"path":"C:\\Users\\Niranjan\\CodingWorld\\InstantTickets\\server\\src\\dto\\CreateMovie.dto.ts","statementMap":{"0":{"start":{"line":1,"column":0},"end":{"line":1,"column":93}},"1":{"start":{"line":3,"column":0},"end":{"line":3,"column":13}},"2":{"start":{"line":6,"column":2},"end":{"line":6,"column":null}},"3":{"start":{"line":10,"column":2},"end":{"line":10,"column":null}},"4":{"start":{"line":17,"column":2},"end":{"line":17,"column":null}},"5":{"start":{"line":24,"column":2},"end":{"line":24,"column":null}},"6":{"start":{"line":31,"column":2},"end":{"line":31,"column":null}},"7":{"start":{"line":38,"column":2},"end":{"line":38,"column":null}}},"fnMap":{},"branchMap":{},"s":{"0":4,"1":4,"2":4,"3":4,"4":4,"5":4,"6":4,"7":4},"f":{},"b":{}}
,"C:\\Users\\Niranjan\\CodingWorld\\InstantTickets\\server\\src\\dto\\CreateShow.dto.ts": {"path":"C:\\Users\\Niranjan\\CodingWorld\\InstantTickets\\server\\src\\dto\\CreateShow.dto.ts","statementMap":{"0":{"start":{"line":1,"column":0},"end":{"line":1,"column":63}},"1":{"start":{"line":2,"column":0},"end":{"line":2,"column":41}},"2":{"start":{"line":4,"column":0},"end":{"line":4,"column":13}},"3":{"start":{"line":7,"column":2},"end":{"line":7,"column":null}},"4":{"start":{"line":11,"column":2},"end":{"line":11,"column":null}},"5":{"start":{"line":15,"column":2},"end":{"line":15,"column":null}},"6":{"start":{"line":19,"column":2},"end":{"line":19,"column":null}},"7":{"start":{"line":23,"column":2},"end":{"line":23,"column":null}},"8":{"start":{"line":28,"column":2},"end":{"line":28,"column":null}},"9":{"start":{"line":27,"column":14},"end":{"line":27,"column":18}},"10":{"start":{"line":33,"column":2},"end":{"line":33,"column":null}},"11":{"start":{"line":32,"column":14},"end":{"line":32,"column":18}}},"fnMap":{"0":{"name":"(anonymous_2)","decl":{"start":{"line":27,"column":8},"end":{"line":27,"column":11}},"loc":{"start":{"line":27,"column":14},"end":{"line":27,"column":18}}},"1":{"name":"(anonymous_3)","decl":{"start":{"line":32,"column":8},"end":{"line":32,"column":11}},"loc":{"start":{"line":32,"column":14},"end":{"line":32,"column":18}}}},"branchMap":{},"s":{"0":4,"1":4,"2":4,"3":4,"4":4,"5":4,"6":4,"7":4,"8":4,"9":1,"10":4,"11":1},"f":{"0":1,"1":1},"b":{}}
,"C:\\Users\\Niranjan\\CodingWorld\\InstantTickets\\server\\src\\dto\\CreateVenue.dto.ts": {"path":"C:\\Users\\Niranjan\\CodingWorld\\InstantTickets\\server\\src\\dto\\CreateVenue.dto.ts","statementMap":{"0":{"start":{"line":1,"column":0},"end":{"line":1,"column":105}},"1":{"start":{"line":3,"column":0},"end":{"line":3,"column":41}},"2":{"start":{"line":4,"column":0},"end":{"line":4,"column":43}},"3":{"start":{"line":6,"column":0},"end":{"line":6,"column":13}},"4":{"start":{"line":9,"column":2},"end":{"line":9,"column":null}},"5":{"start":{"line":13,"column":2},"end":{"line":13,"column":null}},"6":{"start":{"line":18,"column":2},"end":{"line":18,"column":null}},"7":{"start":{"line":17,"column":14},"end":{"line":17,"column":20}},"8":{"start":{"line":23,"column":2},"end":{"line":23,"column":null}},"9":{"start":{"line":22,"column":14},"end":{"line":22,"column":20}},"10":{"start":{"line":29,"column":2},"end":{"line":29,"column":null}},"11":{"start":{"line":28,"column":14},"end":{"line":28,"column":24}}},"fnMap":{"0":{"name":"(anonymous_2)","decl":{"start":{"line":17,"column":8},"end":{"line":17,"column":11}},"loc":{"start":{"line":17,"column":14},"end":{"line":17,"column":20}}},"1":{"name":"(anonymous_3)","decl":{"start":{"line":22,"column":8},"end":{"line":22,"column":11}},"loc":{"start":{"line":22,"column":14},"end":{"line":22,"column":20}}},"2":{"name":"(anonymous_4)","decl":{"start":{"line":28,"column":8},"end":{"line":28,"column":11}},"loc":{"start":{"line":28,"column":14},"end":{"line":28,"column":24}}}},"branchMap":{},"s":{"0":4,"1":4,"2":4,"3":4,"4":4,"5":4,"6":4,"7":3,"8":4,"9":3,"10":4,"11":3},"f":{"0":3,"1":3,"2":3},"b":{}}
,"C:\\Users\\Niranjan\\CodingWorld\\InstantTickets\\server\\src\\dto\\Section.dto.ts": {"path":"C:\\Users\\Niranjan\\CodingWorld\\InstantTickets\\server\\src\\dto\\Section.dto.ts","statementMap":{"0":{"start":{"line":1,"column":0},"end":{"line":1,"column":65}},"1":{"start":{"line":2,"column":0},"end":{"line":2,"column":41}},"2":{"start":{"line":4,"column":0},"end":{"line":4,"column":13}},"3":{"start":{"line":7,"column":2},"end":{"line":7,"column":null}},"4":{"start":{"line":12,"column":2},"end":{"line":12,"column":null}},"5":{"start":{"line":11,"column":14},"end":{"line":11,"column":20}},"6":{"start":{"line":17,"column":2},"end":{"line":17,"column":null}},"7":{"start":{"line":16,"column":14},"end":{"line":16,"column":20}},"8":{"start":{"line":22,"column":2},"end":{"line":22,"column":null}},"9":{"start":{"line":21,"column":14},"end":{"line":21,"column":20}},"10":{"start":{"line":27,"column":2},"end":{"line":27,"column":null}},"11":{"start":{"line":26,"column":14},"end":{"line":26,"column":20}},"12":{"start":{"line":32,"column":2},"end":{"line":32,"column":null}},"13":{"start":{"line":31,"column":14},"end":{"line":31,"column":20}},"14":{"start":{"line":36,"column":2},"end":{"line":36,"column":null}}},"fnMap":{"0":{"name":"(anonymous_2)","decl":{"start":{"line":11,"column":8},"end":{"line":11,"column":11}},"loc":{"start":{"line":11,"column":14},"end":{"line":11,"column":20}}},"1":{"name":"(anonymous_3)","decl":{"start":{"line":16,"column":8},"end":{"line":16,"column":11}},"loc":{"start":{"line":16,"column":14},"end":{"line":16,"column":20}}},"2":{"name":"(anonymous_4)","decl":{"start":{"line":21,"column":8},"end":{"line":21,"column":11}},"loc":{"start":{"line":21,"column":14},"end":{"line":21,"column":20}}},"3":{"name":"(anonymous_5)","decl":{"start":{"line":26,"column":8},"end":{"line":26,"column":11}},"loc":{"start":{"line":26,"column":14},"end":{"line":26,"column":20}}},"4":{"name":"(anonymous_6)","decl":{"start":{"line":31,"column":8},"end":{"line":31,"column":11}},"loc":{"start":{"line":31,"column":14},"end":{"line":31,"column":20}}}},"branchMap":{},"s":{"0":4,"1":4,"2":4,"3":4,"4":4,"5":6,"6":4,"7":6,"8":4,"9":6,"10":4,"11":6,"12":4,"13":6,"14":4},"f":{"0":6,"1":6,"2":6,"3":6,"4":6},"b":{}}
,"C:\\Users\\Niranjan\\CodingWorld\\InstantTickets\\server\\src\\dto\\Signin.dto.ts": {"path":"C:\\Users\\Niranjan\\CodingWorld\\InstantTickets\\server\\src\\dto\\Signin.dto.ts","statementMap":{"0":{"start":{"line":1,"column":0},"end":{"line":1,"column":63}},"1":{"start":{"line":2,"column":0},"end":{"line":2,"column":39}},"2":{"start":{"line":4,"column":0},"end":{"line":4,"column":13}},"3":{"start":{"line":7,"column":2},"end":{"line":7,"column":null}},"4":{"start":{"line":11,"column":2},"end":{"line":11,"column":null}},"5":{"start":{"line":15,"column":2},"end":{"line":15,"column":null}}},"fnMap":{},"branchMap":{},"s":{"0":4,"1":4,"2":4,"3":4,"4":4,"5":4},"f":{},"b":{}}
,"C:\\Users\\Niranjan\\CodingWorld\\InstantTickets\\server\\src\\dto\\Signup.dto.ts": {"path":"C:\\Users\\Niranjan\\CodingWorld\\InstantTickets\\server\\src\\dto\\Signup.dto.ts","statementMap":{"0":{"start":{"line":1,"column":0},"end":{"line":1,"column":72}},"1":{"start":{"line":2,"column":0},"end":{"line":2,"column":39}},"2":{"start":{"line":4,"column":0},"end":{"line":4,"column":13}},"3":{"start":{"line":7,"column":2},"end":{"line":7,"column":null}},"4":{"start":{"line":11,"column":2},"end":{"line":11,"column":null}},"5":{"start":{"line":17,"column":2},"end":{"line":17,"column":null}}},"fnMap":{},"branchMap":{},"s":{"0":4,"1":4,"2":4,"3":4,"4":4,"5":4},"f":{},"b":{}}
,"C:\\Users\\Niranjan\\CodingWorld\\InstantTickets\\server\\src\\dto\\UpdateMovie.dto.ts": {"path":"C:\\Users\\Niranjan\\CodingWorld\\InstantTickets\\server\\src\\dto\\UpdateMovie.dto.ts","statementMap":{"0":{"start":{"line":1,"column":0},"end":{"line":1,"column":93}},"1":{"start":{"line":3,"column":0},"end":{"line":3,"column":13}},"2":{"start":{"line":6,"column":2},"end":{"line":6,"column":null}},"3":{"start":{"line":10,"column":2},"end":{"line":10,"column":null}},"4":{"start":{"line":17,"column":2},"end":{"line":17,"column":null}},"5":{"start":{"line":24,"column":2},"end":{"line":24,"column":null}},"6":{"start":{"line":31,"column":2},"end":{"line":31,"column":null}},"7":{"start":{"line":35,"column":2},"end":{"line":35,"column":null}}},"fnMap":{},"branchMap":{},"s":{"0":4,"1":4,"2":4,"3":4,"4":4,"5":4,"6":4,"7":4},"f":{},"b":{}}
,"C:\\Users\\Niranjan\\CodingWorld\\InstantTickets\\server\\src\\middleware\\validate.ts": {"path":"C:\\Users\\Niranjan\\CodingWorld\\InstantTickets\\server\\src\\middleware\\validate.ts","statementMap":{"0":{"start":{"line":6,"column":0},"end":{"line":6,"column":16}},"1":{"start":{"line":1,"column":0},"end":{"line":1,"column":52}},"2":{"start":{"line":2,"column":0},"end":{"line":2,"column":60}},"3":{"start":{"line":4,"column":0},"end":{"line":4,"column":44}},"4":{"start":{"line":7,"column":2},"end":{"line":23,"column":4}},"5":{"start":{"line":7,"column":82},"end":{"line":23,"column":4}},"6":{"start":{"line":8,"column":21},"end":{"line":8,"column":56}},"7":{"start":{"line":9,"column":38},"end":{"line":9,"column":62}},"8":{"start":{"line":11,"column":4},"end":{"line":20,"column":5}},"9":{"start":{"line":12,"column":6},"end":{"line":18,"column":9}},"10":{"start":{"line":14,"column":35},"end":{"line":17,"column":10}},"11":{"start":{"line":19,"column":6},"end":{"line":19,"column":13}},"12":{"start":{"line":22,"column":4},"end":{"line":22,"column":11}}},"fnMap":{"0":{"name":"validateRequest","decl":{"start":{"line":6,"column":16},"end":{"line":6,"column":31}},"loc":{"start":{"line":6,"column":71},"end":{"line":24,"column":1}}},"1":{"name":"(anonymous_8)","decl":{"start":{"line":7,"column":9},"end":{"line":7,"column":16}},"loc":{"start":{"line":7,"column":82},"end":{"line":23,"column":4}}},"2":{"name":"(anonymous_9)","decl":{"start":{"line":7,"column":82},"end":{"line":7,"column":null}},"loc":{"start":{"line":7,"column":82},"end":{"line":23,"column":3}}},"3":{"name":"(anonymous_10)","decl":{"start":{"line":14,"column":27},"end":{"line":14,"column":30}},"loc":{"start":{"line":14,"column":35},"end":{"line":17,"column":10}}}},"branchMap":{"0":{"loc":{"start":{"line":11,"column":4},"end":{"line":20,"column":5}},"type":"if","locations":[{"start":{"line":11,"column":4},"end":{"line":20,"column":5}}]}},"s":{"0":4,"1":4,"2":4,"3":4,"4":28,"5":16,"6":16,"7":16,"8":16,"9":2,"10":3,"11":2,"12":14},"f":{"0":28,"1":16,"2":16,"3":3},"b":{"0":[2]}}
,"C:\\Users\\Niranjan\\CodingWorld\\InstantTickets\\server\\src\\models\\booking.model.ts": {"path":"C:\\Users\\Niranjan\\CodingWorld\\InstantTickets\\server\\src\\models\\booking.model.ts","statementMap":{"0":{"start":{"line":1,"column":0},"end":{"line":1,"column":61}},"1":{"start":{"line":11,"column":22},"end":{"line":32,"column":2}},"2":{"start":{"line":34,"column":13},"end":{"line":34,"column":91}}},"fnMap":{},"branchMap":{},"s":{"0":4,"1":4,"2":4},"f":{},"b":{}}
,"C:\\Users\\Niranjan\\CodingWorld\\InstantTickets\\server\\src\\models\\movie.model.ts": {"path":"C:\\Users\\Niranjan\\CodingWorld\\InstantTickets\\server\\src\\models\\movie.model.ts","statementMap":{"0":{"start":{"line":1,"column":0},"end":{"line":1,"column":61}},"1":{"start":{"line":2,"column":0},"end":{"line":2,"column":42}},"2":{"start":{"line":14,"column":20},"end":{"line":43,"column":2}},"3":{"start":{"line":45,"column":13},"end":{"line":45,"column":81}}},"fnMap":{},"branchMap":{},"s":{"0":4,"1":4,"2":4,"3":4},"f":{},"b":{}}
,"C:\\Users\\Niranjan\\CodingWorld\\InstantTickets\\server\\src\\models\\movieAdmin.model.ts": {"path":"C:\\Users\\Niranjan\\CodingWorld\\InstantTickets\\server\\src\\models\\movieAdmin.model.ts","statementMap":{"0":{"start":{"line":1,"column":0},"end":{"line":1,"column":61}},"1":{"start":{"line":2,"column":0},"end":{"line":2,"column":28}},"2":{"start":{"line":3,"column":0},"end":{"line":3,"column":42}},"3":{"start":{"line":12,"column":25},"end":{"line":26,"column":2}},"4":{"start":{"line":28,"column":0},"end":{"line":37,"column":3}},"5":{"start":{"line":29,"column":2},"end":{"line":36,"column":3}},"6":{"start":{"line":30,"column":4},"end":{"line":32,"column":5}},"7":{"start":{"line":31,"column":6},"end":{"line":31,"column":73}},"8":{"start":{"line":33,"column":4},"end":{"line":33,"column":11}},"9":{"start":{"line":35,"column":4},"end":{"line":35,"column":25}},"10":{"start":{"line":39,"column":0},"end":{"line":41,"column":2}},"11":{"start":{"line":40,"column":2},"end":{"line":40,"column":53}},"12":{"start":{"line":43,"column":13},"end":{"line":43,"column":106}}},"fnMap":{"0":{"name":"(anonymous_17)","decl":{"start":{"line":28,"column":29},"end":{"line":28,"column":45}},"loc":{"start":{"line":28,"column":49},"end":{"line":37,"column":2}}},"1":{"name":"(anonymous_19)","decl":{"start":{"line":39,"column":43},"end":{"line":39,"column":59}},"loc":{"start":{"line":39,"column":73},"end":{"line":41,"column":2}}}},"branchMap":{"0":{"loc":{"start":{"line":30,"column":4},"end":{"line":32,"column":5}},"type":"if","locations":[{"start":{"line":30,"column":4},"end":{"line":32,"column":5}}]}},"s":{"0":4,"1":4,"2":4,"3":4,"4":4,"5":0,"6":0,"7":0,"8":0,"9":0,"10":4,"11":0,"12":4},"f":{"0":0,"1":0},"b":{"0":[0]}}
,"C:\\Users\\Niranjan\\CodingWorld\\InstantTickets\\server\\src\\models\\show.model.ts": {"path":"C:\\Users\\Niranjan\\CodingWorld\\InstantTickets\\server\\src\\models\\show.model.ts","statementMap":{"0":{"start":{"line":1,"column":0},"end":{"line":1,"column":61}},"1":{"start":{"line":2,"column":0},"end":{"line":2,"column":44}},"2":{"start":{"line":22,"column":19},"end":{"line":40,"column":2}},"3":{"start":{"line":42,"column":27},"end":{"line":75,"column":2}},"4":{"start":{"line":77,"column":13},"end":{"line":77,"column":76}}},"fnMap":{},"branchMap":{"0":{"loc":{"start":{"line":38,"column":10},"end":{"line":38,"column":22}},"type":"binary-expr","locations":[{"start":{"line":38,"column":10},"end":{"line":38,"column":14}},{"start":{"line":38,"column":18},"end":{"line":38,"column":22}}]}},"s":{"0":4,"1":4,"2":4,"3":4,"4":4},"f":{},"b":{"0":[4,0]}}
,"C:\\Users\\Niranjan\\CodingWorld\\InstantTickets\\server\\src\\models\\theatreAdmin.model.ts": {"path":"C:\\Users\\Niranjan\\CodingWorld\\InstantTickets\\server\\src\\models\\theatreAdmin.model.ts","statementMap":{"0":{"start":{"line":1,"column":0},"end":{"line":1,"column":61}},"1":{"start":{"line":2,"column":0},"end":{"line":2,"column":28}},"2":{"start":{"line":3,"column":0},"end":{"line":3,"column":42}},"3":{"start":{"line":12,"column":27},"end":{"line":26,"column":2}},"4":{"start":{"line":28,"column":0},"end":{"line":37,"column":3}},"5":{"start":{"line":29,"column":2},"end":{"line":36,"column":3}},"6":{"start":{"line":30,"column":4},"end":{"line":32,"column":5}},"7":{"start":{"line":31,"column":6},"end":{"line":31,"column":73}},"8":{"start":{"line":33,"column":4},"end":{"line":33,"column":11}},"9":{"start":{"line":35,"column":4},"end":{"line":35,"column":25}},"10":{"start":{"line":39,"column":0},"end":{"line":41,"column":2}},"11":{"start":{"line":40,"column":2},"end":{"line":40,"column":53}},"12":{"start":{"line":43,"column":13},"end":{"line":43,"column":116}}},"fnMap":{"0":{"name":"(anonymous_17)","decl":{"start":{"line":28,"column":31},"end":{"line":28,"column":47}},"loc":{"start":{"line":28,"column":51},"end":{"line":37,"column":2}}},"1":{"name":"(anonymous_19)","decl":{"start":{"line":39,"column":45},"end":{"line":39,"column":61}},"loc":{"start":{"line":39,"column":75},"end":{"line":41,"column":2}}}},"branchMap":{"0":{"loc":{"start":{"line":30,"column":4},"end":{"line":32,"column":5}},"type":"if","locations":[{"start":{"line":30,"column":4},"end":{"line":32,"column":5}}]}},"s":{"0":4,"1":4,"2":4,"3":4,"4":4,"5":0,"6":0,"7":0,"8":0,"9":0,"10":4,"11":0,"12":4},"f":{"0":0,"1":0},"b":{"0":[0]}}
,"C:\\Users\\Niranjan\\CodingWorld\\InstantTickets\\server\\src\\models\\user.model.ts": {"path":"C:\\Users\\Niranjan\\CodingWorld\\InstantTickets\\server\\src\\models\\user.model.ts","statementMap":{"0":{"start":{"line":1,"column":0},"end":{"line":1,"column":61}},"1":{"start":{"line":2,"column":0},"end":{"line":2,"column":28}},"2":{"start":{"line":3,"column":0},"end":{"line":3,"column":42}},"3":{"start":{"line":12,"column":19},"end":{"line":26,"column":2}},"4":{"start":{"line":28,"column":0},"end":{"line":37,"column":3}},"5":{"start":{"line":29,"column":2},"end":{"line":36,"column":3}},"6":{"start":{"line":30,"column":4},"end":{"line":32,"column":5}},"7":{"start":{"line":31,"column":6},"end":{"line":31,"column":73}},"8":{"start":{"line":33,"column":4},"end":{"line":33,"column":11}},"9":{"start":{"line":35,"column":4},"end":{"line":35,"column":25}},"10":{"start":{"line":39,"column":0},"end":{"line":41,"column":2}},"11":{"start":{"line":40,"column":2},"end":{"line":40,"column":53}},"12":{"start":{"line":43,"column":13},"end":{"line":43,"column":76}}},"fnMap":{"0":{"name":"(anonymous_17)","decl":{"start":{"line":28,"column":23},"end":{"line":28,"column":39}},"loc":{"start":{"line":28,"column":43},"end":{"line":37,"column":2}}},"1":{"name":"(anonymous_19)","decl":{"start":{"line":39,"column":37},"end":{"line":39,"column":53}},"loc":{"start":{"line":39,"column":67},"end":{"line":41,"column":2}}}},"branchMap":{"0":{"loc":{"start":{"line":30,"column":4},"end":{"line":32,"column":5}},"type":"if","locations":[{"start":{"line":30,"column":4},"end":{"line":32,"column":5}}]}},"s":{"0":4,"1":4,"2":4,"3":4,"4":4,"5":1,"6":1,"7":1,"8":1,"9":0,"10":4,"11":1,"12":4},"f":{"0":1,"1":1},"b":{"0":[1]}}
,"C:\\Users\\Niranjan\\CodingWorld\\InstantTickets\\server\\src\\models\\venue.model.ts": {"path":"C:\\Users\\Niranjan\\CodingWorld\\InstantTickets\\server\\src\\models\\venue.model.ts","statementMap":{"0":{"start":{"line":1,"column":0},"end":{"line":1,"column":61}},"1":{"start":{"line":21,"column":22},"end":{"line":54,"column":null}},"2":{"start":{"line":57,"column":13},"end":{"line":78,"column":3}},"3":{"start":{"line":80,"column":13},"end":{"line":80,"column":81}}},"fnMap":{},"branchMap":{},"s":{"0":4,"1":4,"2":4,"3":4},"f":{},"b":{}}
,"C:\\Users\\Niranjan\\CodingWorld\\InstantTickets\\server\\src\\repositories\\booking.repository.ts": {"path":"C:\\Users\\Niranjan\\CodingWorld\\InstantTickets\\server\\src\\repositories\\booking.repository.ts","statementMap":{"0":{"start":{"line":1,"column":0},"end":{"line":1,"column":60}},"1":{"start":{"line":2,"column":0},"end":{"line":2,"column":44}},"2":{"start":{"line":5,"column":13},"end":{"line":32,"column":2}},"3":{"start":{"line":6,"column":59},"end":{"line":13,"column":null}},"4":{"start":{"line":7,"column":4},"end":{"line":12,"column":5}},"5":{"start":{"line":8,"column":6},"end":{"line":8,"column":40}},"6":{"start":{"line":10,"column":27},"end":{"line":10,"column":90}},"7":{"start":{"line":11,"column":6},"end":{"line":11,"column":66}},"8":{"start":{"line":15,"column":47},"end":{"line":22,"column":null}},"9":{"start":{"line":16,"column":4},"end":{"line":21,"column":5}},"10":{"start":{"line":17,"column":6},"end":{"line":17,"column":43}},"11":{"start":{"line":19,"column":27},"end":{"line":19,"column":90}},"12":{"start":{"line":20,"column":6},"end":{"line":20,"column":68}},"13":{"start":{"line":24,"column":50},"end":{"line":31,"column":null}},"14":{"start":{"line":25,"column":4},"end":{"line":30,"column":5}},"15":{"start":{"line":26,"column":6},"end":{"line":26,"column":71}},"16":{"start":{"line":28,"column":27},"end":{"line":28,"column":90}},"17":{"start":{"line":29,"column":6},"end":{"line":29,"column":68}}},"fnMap":{"0":{"name":"(anonymous_7)","decl":{"start":{"line":6,"column":12},"end":{"line":6,"column":19}},"loc":{"start":{"line":6,"column":59},"end":{"line":13,"column":null}}},"1":{"name":"(anonymous_8)","decl":{"start":{"line":6,"column":59},"end":{"line":6,"column":null}},"loc":{"start":{"line":6,"column":59},"end":{"line":13,"column":3}}},"2":{"name":"(anonymous_9)","decl":{"start":{"line":15,"column":10},"end":{"line":15,"column":17}},"loc":{"start":{"line":15,"column":47},"end":{"line":22,"column":null}}},"3":{"name":"(anonymous_10)","decl":{"start":{"line":15,"column":47},"end":{"line":15,"column":null}},"loc":{"start":{"line":15,"column":47},"end":{"line":22,"column":3}}},"4":{"name":"(anonymous_11)","decl":{"start":{"line":24,"column":14},"end":{"line":24,"column":21}},"loc":{"start":{"line":24,"column":50},"end":{"line":31,"column":null}}},"5":{"name":"(anonymous_12)","decl":{"start":{"line":24,"column":50},"end":{"line":24,"column":null}},"loc":{"start":{"line":24,"column":50},"end":{"line":31,"column":3}}}},"branchMap":{"0":{"loc":{"start":{"line":10,"column":27},"end":{"line":10,"column":90}},"type":"cond-expr","locations":[{"start":{"line":10,"column":52},"end":{"line":10,"column":65}},{"start":{"line":10,"column":68},"end":{"line":10,"column":90}}]},"1":{"loc":{"start":{"line":19,"column":27},"end":{"line":19,"column":90}},"type":"cond-expr","locations":[{"start":{"line":19,"column":52},"end":{"line":19,"column":65}},{"start":{"line":19,"column":68},"end":{"line":19,"column":90}}]},"2":{"loc":{"start":{"line":28,"column":27},"end":{"line":28,"column":90}},"type":"cond-expr","locations":[{"start":{"line":28,"column":52},"end":{"line":28,"column":65}},{"start":{"line":28,"column":68},"end":{"line":28,"column":90}}]}},"s":{"0":4,"1":4,"2":4,"3":0,"4":0,"5":0,"6":0,"7":0,"8":0,"9":0,"10":0,"11":0,"12":0,"13":0,"14":0,"15":0,"16":0,"17":0},"f":{"0":0,"1":0,"2":0,"3":0,"4":0,"5":0},"b":{"0":[0,0],"1":[0,0],"2":[0,0]}}
,"C:\\Users\\Niranjan\\CodingWorld\\InstantTickets\\server\\src\\repositories\\movie.repository.ts": {"path":"C:\\Users\\Niranjan\\CodingWorld\\InstantTickets\\server\\src\\repositories\\movie.repository.ts","statementMap":{"0":{"start":{"line":2,"column":0},"end":{"line":2,"column":54}},"1":{"start":{"line":3,"column":0},"end":{"line":3,"column":44}},"2":{"start":{"line":5,"column":13},"end":{"line":41,"column":2}},"3":{"start":{"line":6,"column":43},"end":{"line":13,"column":null}},"4":{"start":{"line":7,"column":4},"end":{"line":12,"column":5}},"5":{"start":{"line":8,"column":6},"end":{"line":8,"column":39}},"6":{"start":{"line":10,"column":27},"end":{"line":10,"column":90}},"7":{"start":{"line":11,"column":6},"end":{"line":11,"column":48}},"8":{"start":{"line":15,"column":57},"end":{"line":22,"column":null}},"9":{"start":{"line":16,"column":4},"end":{"line":21,"column":5}},"10":{"start":{"line":17,"column":6},"end":{"line":17,"column":38}},"11":{"start":{"line":19,"column":27},"end":{"line":19,"column":90}},"12":{"start":{"line":20,"column":6},"end":{"line":20,"column":48}},"13":{"start":{"line":24,"column":46},"end":{"line":31,"column":null}},"14":{"start":{"line":25,"column":4},"end":{"line":30,"column":5}},"15":{"start":{"line":26,"column":6},"end":{"line":26,"column":38}},"16":{"start":{"line":28,"column":27},"end":{"line":28,"column":90}},"17":{"start":{"line":29,"column":6},"end":{"line":29,"column":48}},"18":{"start":{"line":33,"column":64},"end":{"line":40,"column":null}},"19":{"start":{"line":34,"column":4},"end":{"line":39,"column":5}},"20":{"start":{"line":35,"column":6},"end":{"line":35,"column":59}},"21":{"start":{"line":37,"column":27},"end":{"line":37,"column":90}},"22":{"start":{"line":38,"column":6},"end":{"line":38,"column":48}}},"fnMap":{"0":{"name":"(anonymous_7)","decl":{"start":{"line":6,"column":10},"end":{"line":6,"column":17}},"loc":{"start":{"line":6,"column":43},"end":{"line":13,"column":null}}},"1":{"name":"(anonymous_8)","decl":{"start":{"line":6,"column":43},"end":{"line":6,"column":null}},"loc":{"start":{"line":6,"column":43},"end":{"line":13,"column":3}}},"2":{"name":"(anonymous_9)","decl":{"start":{"line":15,"column":12},"end":{"line":15,"column":19}},"loc":{"start":{"line":15,"column":57},"end":{"line":22,"column":null}}},"3":{"name":"(anonymous_10)","decl":{"start":{"line":15,"column":57},"end":{"line":15,"column":null}},"loc":{"start":{"line":15,"column":57},"end":{"line":22,"column":3}}},"4":{"name":"(anonymous_11)","decl":{"start":{"line":24,"column":8},"end":{"line":24,"column":15}},"loc":{"start":{"line":24,"column":46},"end":{"line":31,"column":null}}},"5":{"name":"(anonymous_12)","decl":{"start":{"line":24,"column":46},"end":{"line":24,"column":null}},"loc":{"start":{"line":24,"column":46},"end":{"line":31,"column":3}}},"6":{"name":"(anonymous_13)","decl":{"start":{"line":33,"column":14},"end":{"line":33,"column":21}},"loc":{"start":{"line":33,"column":64},"end":{"line":40,"column":null}}},"7":{"name":"(anonymous_14)","decl":{"start":{"line":33,"column":64},"end":{"line":33,"column":null}},"loc":{"start":{"line":33,"column":64},"end":{"line":40,"column":3}}}},"branchMap":{"0":{"loc":{"start":{"line":10,"column":27},"end":{"line":10,"column":90}},"type":"cond-expr","locations":[{"start":{"line":10,"column":52},"end":{"line":10,"column":65}},{"start":{"line":10,"column":68},"end":{"line":10,"column":90}}]},"1":{"loc":{"start":{"line":19,"column":27},"end":{"line":19,"column":90}},"type":"cond-expr","locations":[{"start":{"line":19,"column":52},"end":{"line":19,"column":65}},{"start":{"line":19,"column":68},"end":{"line":19,"column":90}}]},"2":{"loc":{"start":{"line":28,"column":27},"end":{"line":28,"column":90}},"type":"cond-expr","locations":[{"start":{"line":28,"column":52},"end":{"line":28,"column":65}},{"start":{"line":28,"column":68},"end":{"line":28,"column":90}}]},"3":{"loc":{"start":{"line":37,"column":27},"end":{"line":37,"column":90}},"type":"cond-expr","locations":[{"start":{"line":37,"column":52},"end":{"line":37,"column":65}},{"start":{"line":37,"column":68},"end":{"line":37,"column":90}}]}},"s":{"0":4,"1":4,"2":4,"3":2,"4":2,"5":2,"6":0,"7":0,"8":0,"9":0,"10":0,"11":0,"12":0,"13":1,"14":1,"15":1,"16":0,"17":0,"18":1,"19":1,"20":1,"21":0,"22":0},"f":{"0":2,"1":2,"2":0,"3":0,"4":1,"5":1,"6":1,"7":1},"b":{"0":[0,0],"1":[0,0],"2":[0,0],"3":[0,0]}}
,"C:\\Users\\Niranjan\\CodingWorld\\InstantTickets\\server\\src\\repositories\\movieAdmin.repository.ts": {"path":"C:\\Users\\Niranjan\\CodingWorld\\InstantTickets\\server\\src\\repositories\\movieAdmin.repository.ts","statementMap":{"0":{"start":{"line":2,"column":0},"end":{"line":2,"column":69}},"1":{"start":{"line":3,"column":0},"end":{"line":3,"column":44}},"2":{"start":{"line":5,"column":13},"end":{"line":32,"column":2}},"3":{"start":{"line":6,"column":53},"end":{"line":13,"column":null}},"4":{"start":{"line":7,"column":4},"end":{"line":12,"column":5}},"5":{"start":{"line":8,"column":6},"end":{"line":8,"column":49}},"6":{"start":{"line":10,"column":27},"end":{"line":10,"column":90}},"7":{"start":{"line":11,"column":6},"end":{"line":11,"column":48}},"8":{"start":{"line":15,"column":54},"end":{"line":22,"column":null}},"9":{"start":{"line":16,"column":4},"end":{"line":21,"column":5}},"10":{"start":{"line":17,"column":6},"end":{"line":17,"column":46}},"11":{"start":{"line":19,"column":27},"end":{"line":19,"column":90}},"12":{"start":{"line":20,"column":6},"end":{"line":20,"column":48}},"13":{"start":{"line":24,"column":53},"end":{"line":31,"column":null}},"14":{"start":{"line":25,"column":4},"end":{"line":30,"column":5}},"15":{"start":{"line":26,"column":6},"end":{"line":26,"column":45}},"16":{"start":{"line":28,"column":27},"end":{"line":28,"column":90}},"17":{"start":{"line":29,"column":6},"end":{"line":29,"column":48}}},"fnMap":{"0":{"name":"(anonymous_7)","decl":{"start":{"line":6,"column":10},"end":{"line":6,"column":17}},"loc":{"start":{"line":6,"column":53},"end":{"line":13,"column":null}}},"1":{"name":"(anonymous_8)","decl":{"start":{"line":6,"column":53},"end":{"line":6,"column":null}},"loc":{"start":{"line":6,"column":53},"end":{"line":13,"column":3}}},"2":{"name":"(anonymous_9)","decl":{"start":{"line":15,"column":11},"end":{"line":15,"column":18}},"loc":{"start":{"line":15,"column":54},"end":{"line":22,"column":null}}},"3":{"name":"(anonymous_10)","decl":{"start":{"line":15,"column":54},"end":{"line":15,"column":null}},"loc":{"start":{"line":15,"column":54},"end":{"line":22,"column":3}}},"4":{"name":"(anonymous_11)","decl":{"start":{"line":24,"column":10},"end":{"line":24,"column":17}},"loc":{"start":{"line":24,"column":53},"end":{"line":31,"column":null}}},"5":{"name":"(anonymous_12)","decl":{"start":{"line":24,"column":53},"end":{"line":24,"column":null}},"loc":{"start":{"line":24,"column":53},"end":{"line":31,"column":3}}}},"branchMap":{"0":{"loc":{"start":{"line":10,"column":27},"end":{"line":10,"column":90}},"type":"cond-expr","locations":[{"start":{"line":10,"column":52},"end":{"line":10,"column":65}},{"start":{"line":10,"column":68},"end":{"line":10,"column":90}}]},"1":{"loc":{"start":{"line":19,"column":27},"end":{"line":19,"column":90}},"type":"cond-expr","locations":[{"start":{"line":19,"column":52},"end":{"line":19,"column":65}},{"start":{"line":19,"column":68},"end":{"line":19,"column":90}}]},"2":{"loc":{"start":{"line":28,"column":27},"end":{"line":28,"column":90}},"type":"cond-expr","locations":[{"start":{"line":28,"column":52},"end":{"line":28,"column":65}},{"start":{"line":28,"column":68},"end":{"line":28,"column":90}}]}},"s":{"0":4,"1":4,"2":4,"3":0,"4":0,"5":0,"6":0,"7":0,"8":3,"9":3,"10":3,"11":0,"12":0,"13":2,"14":2,"15":2,"16":0,"17":0},"f":{"0":0,"1":0,"2":3,"3":3,"4":2,"5":2},"b":{"0":[0,0],"1":[0,0],"2":[0,0]}}
,"C:\\Users\\Niranjan\\CodingWorld\\InstantTickets\\server\\src\\repositories\\show.repository.ts": {"path":"C:\\Users\\Niranjan\\CodingWorld\\InstantTickets\\server\\src\\repositories\\show.repository.ts","statementMap":{"0":{"start":{"line":1,"column":0},"end":{"line":1,"column":51}},"1":{"start":{"line":2,"column":0},"end":{"line":2,"column":44}},"2":{"start":{"line":5,"column":13},"end":{"line":32,"column":2}},"3":{"start":{"line":6,"column":41},"end":{"line":13,"column":null}},"4":{"start":{"line":7,"column":4},"end":{"line":12,"column":5}},"5":{"start":{"line":8,"column":6},"end":{"line":8,"column":37}},"6":{"start":{"line":10,"column":27},"end":{"line":10,"column":90}},"7":{"start":{"line":11,"column":6},"end":{"line":11,"column":48}},"8":{"start":{"line":15,"column":37},"end":{"line":22,"column":null}},"9":{"start":{"line":16,"column":4},"end":{"line":21,"column":5}},"10":{"start":{"line":17,"column":6},"end":{"line":17,"column":41}},"11":{"start":{"line":19,"column":27},"end":{"line":19,"column":90}},"12":{"start":{"line":20,"column":6},"end":{"line":20,"column":48}},"13":{"start":{"line":24,"column":45},"end":{"line":31,"column":null}},"14":{"start":{"line":25,"column":4},"end":{"line":30,"column":5}},"15":{"start":{"line":26,"column":6},"end":{"line":26,"column":37}},"16":{"start":{"line":28,"column":27},"end":{"line":28,"column":90}},"17":{"start":{"line":29,"column":6},"end":{"line":29,"column":48}}},"fnMap":{"0":{"name":"(anonymous_7)","decl":{"start":{"line":6,"column":10},"end":{"line":6,"column":17}},"loc":{"start":{"line":6,"column":41},"end":{"line":13,"column":null}}},"1":{"name":"(anonymous_8)","decl":{"start":{"line":6,"column":41},"end":{"line":6,"column":null}},"loc":{"start":{"line":6,"column":41},"end":{"line":13,"column":3}}},"2":{"name":"(anonymous_9)","decl":{"start":{"line":15,"column":12},"end":{"line":15,"column":19}},"loc":{"start":{"line":15,"column":37},"end":{"line":22,"column":null}}},"3":{"name":"(anonymous_10)","decl":{"start":{"line":15,"column":37},"end":{"line":15,"column":null}},"loc":{"start":{"line":15,"column":37},"end":{"line":22,"column":3}}},"4":{"name":"(anonymous_11)","decl":{"start":{"line":24,"column":8},"end":{"line":24,"column":15}},"loc":{"start":{"line":24,"column":45},"end":{"line":31,"column":null}}},"5":{"name":"(anonymous_12)","decl":{"start":{"line":24,"column":45},"end":{"line":24,"column":null}},"loc":{"start":{"line":24,"column":45},"end":{"line":31,"column":3}}}},"branchMap":{"0":{"loc":{"start":{"line":10,"column":27},"end":{"line":10,"column":90}},"type":"cond-expr","locations":[{"start":{"line":10,"column":52},"end":{"line":10,"column":65}},{"start":{"line":10,"column":68},"end":{"line":10,"column":90}}]},"1":{"loc":{"start":{"line":19,"column":27},"end":{"line":19,"column":90}},"type":"cond-expr","locations":[{"start":{"line":19,"column":52},"end":{"line":19,"column":65}},{"start":{"line":19,"column":68},"end":{"line":19,"column":90}}]},"2":{"loc":{"start":{"line":28,"column":27},"end":{"line":28,"column":90}},"type":"cond-expr","locations":[{"start":{"line":28,"column":52},"end":{"line":28,"column":65}},{"start":{"line":28,"column":68},"end":{"line":28,"column":90}}]}},"s":{"0":4,"1":4,"2":4,"3":1,"4":1,"5":1,"6":0,"7":0,"8":3,"9":3,"10":3,"11":0,"12":0,"13":1,"14":1,"15":1,"16":0,"17":0},"f":{"0":1,"1":1,"2":3,"3":3,"4":1,"5":1},"b":{"0":[0,0],"1":[0,0],"2":[0,0]}}
,"C:\\Users\\Niranjan\\CodingWorld\\InstantTickets\\server\\src\\repositories\\theatreAdmin.repository.ts": {"path":"C:\\Users\\Niranjan\\CodingWorld\\InstantTickets\\server\\src\\repositories\\theatreAdmin.repository.ts","statementMap":{"0":{"start":{"line":2,"column":0},"end":{"line":2,"column":75}},"1":{"start":{"line":3,"column":0},"end":{"line":3,"column":44}},"2":{"start":{"line":5,"column":13},"end":{"line":32,"column":2}},"3":{"start":{"line":6,"column":50},"end":{"line":13,"column":null}},"4":{"start":{"line":7,"column":4},"end":{"line":12,"column":5}},"5":{"start":{"line":8,"column":6},"end":{"line":8,"column":46}},"6":{"start":{"line":10,"column":27},"end":{"line":10,"column":90}},"7":{"start":{"line":11,"column":6},"end":{"line":11,"column":48}},"8":{"start":{"line":15,"column":56},"end":{"line":22,"column":null}},"9":{"start":{"line":16,"column":4},"end":{"line":21,"column":5}},"10":{"start":{"line":17,"column":6},"end":{"line":17,"column":48}},"11":{"start":{"line":19,"column":27},"end":{"line":19,"column":90}},"12":{"start":{"line":20,"column":6},"end":{"line":20,"column":48}},"13":{"start":{"line":24,"column":55},"end":{"line":31,"column":null}},"14":{"start":{"line":25,"column":4},"end":{"line":30,"column":5}},"15":{"start":{"line":26,"column":6},"end":{"line":26,"column":47}},"16":{"start":{"line":28,"column":27},"end":{"line":28,"column":90}},"17":{"start":{"line":29,"column":6},"end":{"line":29,"column":48}}},"fnMap":{"0":{"name":"(anonymous_7)","decl":{"start":{"line":6,"column":10},"end":{"line":6,"column":17}},"loc":{"start":{"line":6,"column":50},"end":{"line":13,"column":null}}},"1":{"name":"(anonymous_8)","decl":{"start":{"line":6,"column":50},"end":{"line":6,"column":null}},"loc":{"start":{"line":6,"column":50},"end":{"line":13,"column":3}}},"2":{"name":"(anonymous_9)","decl":{"start":{"line":15,"column":11},"end":{"line":15,"column":18}},"loc":{"start":{"line":15,"column":56},"end":{"line":22,"column":null}}},"3":{"name":"(anonymous_10)","decl":{"start":{"line":15,"column":56},"end":{"line":15,"column":null}},"loc":{"start":{"line":15,"column":56},"end":{"line":22,"column":3}}},"4":{"name":"(anonymous_11)","decl":{"start":{"line":24,"column":10},"end":{"line":24,"column":17}},"loc":{"start":{"line":24,"column":55},"end":{"line":31,"column":null}}},"5":{"name":"(anonymous_12)","decl":{"start":{"line":24,"column":55},"end":{"line":24,"column":null}},"loc":{"start":{"line":24,"column":55},"end":{"line":31,"column":3}}}},"branchMap":{"0":{"loc":{"start":{"line":10,"column":27},"end":{"line":10,"column":90}},"type":"cond-expr","locations":[{"start":{"line":10,"column":52},"end":{"line":10,"column":65}},{"start":{"line":10,"column":68},"end":{"line":10,"column":90}}]},"1":{"loc":{"start":{"line":19,"column":27},"end":{"line":19,"column":90}},"type":"cond-expr","locations":[{"start":{"line":19,"column":52},"end":{"line":19,"column":65}},{"start":{"line":19,"column":68},"end":{"line":19,"column":90}}]},"2":{"loc":{"start":{"line":28,"column":27},"end":{"line":28,"column":90}},"type":"cond-expr","locations":[{"start":{"line":28,"column":52},"end":{"line":28,"column":65}},{"start":{"line":28,"column":68},"end":{"line":28,"column":90}}]}},"s":{"0":4,"1":4,"2":4,"3":0,"4":0,"5":0,"6":0,"7":0,"8":4,"9":4,"10":4,"11":0,"12":0,"13":2,"14":2,"15":2,"16":0,"17":0},"f":{"0":0,"1":0,"2":4,"3":4,"4":2,"5":2},"b":{"0":[0,0],"1":[0,0],"2":[0,0]}}
,"C:\\Users\\Niranjan\\CodingWorld\\InstantTickets\\server\\src\\repositories\\user.repository.ts": {"path":"C:\\Users\\Niranjan\\CodingWorld\\InstantTickets\\server\\src\\repositories\\user.repository.ts","statementMap":{"0":{"start":{"line":2,"column":0},"end":{"line":2,"column":44}},"1":{"start":{"line":3,"column":0},"end":{"line":3,"column":51}},"2":{"start":{"line":5,"column":13},"end":{"line":32,"column":2}},"3":{"start":{"line":6,"column":41},"end":{"line":13,"column":null}},"4":{"start":{"line":7,"column":4},"end":{"line":12,"column":5}},"5":{"start":{"line":8,"column":6},"end":{"line":8,"column":37}},"6":{"start":{"line":10,"column":27},"end":{"line":10,"column":90}},"7":{"start":{"line":11,"column":6},"end":{"line":11,"column":48}},"8":{"start":{"line":15,"column":48},"end":{"line":22,"column":null}},"9":{"start":{"line":16,"column":4},"end":{"line":21,"column":5}},"10":{"start":{"line":17,"column":6},"end":{"line":17,"column":40}},"11":{"start":{"line":19,"column":27},"end":{"line":19,"column":90}},"12":{"start":{"line":20,"column":6},"end":{"line":20,"column":48}},"13":{"start":{"line":24,"column":47},"end":{"line":31,"column":null}},"14":{"start":{"line":25,"column":4},"end":{"line":30,"column":5}},"15":{"start":{"line":26,"column":6},"end":{"line":26,"column":39}},"16":{"start":{"line":28,"column":27},"end":{"line":28,"column":90}},"17":{"start":{"line":29,"column":6},"end":{"line":29,"column":48}}},"fnMap":{"0":{"name":"(anonymous_7)","decl":{"start":{"line":6,"column":10},"end":{"line":6,"column":17}},"loc":{"start":{"line":6,"column":41},"end":{"line":13,"column":null}}},"1":{"name":"(anonymous_8)","decl":{"start":{"line":6,"column":41},"end":{"line":6,"column":null}},"loc":{"start":{"line":6,"column":41},"end":{"line":13,"column":3}}},"2":{"name":"(anonymous_9)","decl":{"start":{"line":15,"column":11},"end":{"line":15,"column":18}},"loc":{"start":{"line":15,"column":48},"end":{"line":22,"column":null}}},"3":{"name":"(anonymous_10)","decl":{"start":{"line":15,"column":48},"end":{"line":15,"column":null}},"loc":{"start":{"line":15,"column":48},"end":{"line":22,"column":3}}},"4":{"name":"(anonymous_11)","decl":{"start":{"line":24,"column":10},"end":{"line":24,"column":17}},"loc":{"start":{"line":24,"column":47},"end":{"line":31,"column":null}}},"5":{"name":"(anonymous_12)","decl":{"start":{"line":24,"column":47},"end":{"line":24,"column":null}},"loc":{"start":{"line":24,"column":47},"end":{"line":31,"column":3}}}},"branchMap":{"0":{"loc":{"start":{"line":10,"column":27},"end":{"line":10,"column":90}},"type":"cond-expr","locations":[{"start":{"line":10,"column":52},"end":{"line":10,"column":65}},{"start":{"line":10,"column":68},"end":{"line":10,"column":90}}]},"1":{"loc":{"start":{"line":19,"column":27},"end":{"line":19,"column":90}},"type":"cond-expr","locations":[{"start":{"line":19,"column":52},"end":{"line":19,"column":65}},{"start":{"line":19,"column":68},"end":{"line":19,"column":90}}]},"2":{"loc":{"start":{"line":28,"column":27},"end":{"line":28,"column":90}},"type":"cond-expr","locations":[{"start":{"line":28,"column":52},"end":{"line":28,"column":65}},{"start":{"line":28,"column":68},"end":{"line":28,"column":90}}]}},"s":{"0":4,"1":4,"2":4,"3":1,"4":1,"5":1,"6":0,"7":0,"8":1,"9":1,"10":1,"11":0,"12":0,"13":2,"14":2,"15":2,"16":0,"17":0},"f":{"0":1,"1":1,"2":1,"3":1,"4":2,"5":2},"b":{"0":[0,0],"1":[0,0],"2":[0,0]}}
,"C:\\Users\\Niranjan\\CodingWorld\\InstantTickets\\server\\src\\repositories\\venue.repository.ts": {"path":"C:\\Users\\Niranjan\\CodingWorld\\InstantTickets\\server\\src\\repositories\\venue.repository.ts","statementMap":{"0":{"start":{"line":2,"column":0},"end":{"line":2,"column":54}},"1":{"start":{"line":3,"column":0},"end":{"line":3,"column":44}},"2":{"start":{"line":5,"column":13},"end":{"line":23,"column":2}},"3":{"start":{"line":6,"column":43},"end":{"line":13,"column":null}},"4":{"start":{"line":7,"column":4},"end":{"line":12,"column":5}},"5":{"start":{"line":8,"column":6},"end":{"line":8,"column":33}},"6":{"start":{"line":10,"column":27},"end":{"line":10,"column":90}},"7":{"start":{"line":11,"column":6},"end":{"line":11,"column":48}},"8":{"start":{"line":15,"column":48},"end":{"line":22,"column":null}},"9":{"start":{"line":16,"column":4},"end":{"line":21,"column":5}},"10":{"start":{"line":17,"column":6},"end":{"line":17,"column":40}},"11":{"start":{"line":19,"column":27},"end":{"line":19,"column":90}},"12":{"start":{"line":20,"column":6},"end":{"line":20,"column":48}}},"fnMap":{"0":{"name":"(anonymous_7)","decl":{"start":{"line":6,"column":10},"end":{"line":6,"column":17}},"loc":{"start":{"line":6,"column":43},"end":{"line":13,"column":null}}},"1":{"name":"(anonymous_8)","decl":{"start":{"line":6,"column":43},"end":{"line":6,"column":null}},"loc":{"start":{"line":6,"column":43},"end":{"line":13,"column":3}}},"2":{"name":"(anonymous_9)","decl":{"start":{"line":15,"column":11},"end":{"line":15,"column":18}},"loc":{"start":{"line":15,"column":48},"end":{"line":22,"column":null}}},"3":{"name":"(anonymous_10)","decl":{"start":{"line":15,"column":48},"end":{"line":15,"column":null}},"loc":{"start":{"line":15,"column":48},"end":{"line":22,"column":3}}}},"branchMap":{"0":{"loc":{"start":{"line":10,"column":27},"end":{"line":10,"column":90}},"type":"cond-expr","locations":[{"start":{"line":10,"column":52},"end":{"line":10,"column":65}},{"start":{"line":10,"column":68},"end":{"line":10,"column":90}}]},"1":{"loc":{"start":{"line":19,"column":27},"end":{"line":19,"column":90}},"type":"cond-expr","locations":[{"start":{"line":19,"column":52},"end":{"line":19,"column":65}},{"start":{"line":19,"column":68},"end":{"line":19,"column":90}}]}},"s":{"0":4,"1":4,"2":4,"3":2,"4":2,"5":2,"6":0,"7":0,"8":5,"9":5,"10":5,"11":0,"12":0},"f":{"0":2,"1":2,"2":5,"3":5},"b":{"0":[0,0],"1":[0,0]}}
,"C:\\Users\\Niranjan\\CodingWorld\\InstantTickets\\server\\src\\routes\\auth.route.ts": {"path":"C:\\Users\\Niranjan\\CodingWorld\\InstantTickets\\server\\src\\routes\\auth.route.ts","statementMap":{"0":{"start":{"line":1,"column":0},"end":{"line":1,"column":33}},"1":{"start":{"line":2,"column":0},"end":{"line":2,"column":57}},"2":{"start":{"line":3,"column":0},"end":{"line":3,"column":46}},"3":{"start":{"line":4,"column":0},"end":{"line":4,"column":46}},"4":{"start":{"line":5,"column":0},"end":{"line":5,"column":64}},"5":{"start":{"line":7,"column":15},"end":{"line":7,"column":23}},"6":{"start":{"line":8,"column":0},"end":{"line":8,"column":74}},"7":{"start":{"line":9,"column":0},"end":{"line":9,"column":74}},"8":{"start":{"line":10,"column":0},"end":{"line":10,"column":46}},"9":{"start":{"line":12,"column":0},"end":{"line":12,"column":22}}},"fnMap":{},"branchMap":{},"s":{"0":4,"1":4,"2":4,"3":4,"4":4,"5":4,"6":4,"7":4,"8":4,"9":4},"f":{},"b":{}}
,"C:\\Users\\Niranjan\\CodingWorld\\InstantTickets\\server\\src\\routes\\booking.route.ts": {"path":"C:\\Users\\Niranjan\\CodingWorld\\InstantTickets\\server\\src\\routes\\booking.route.ts","statementMap":{"0":{"start":{"line":1,"column":0},"end":{"line":1,"column":33}},"1":{"start":{"line":2,"column":0},"end":{"line":2,"column":70}},"2":{"start":{"line":3,"column":0},"end":{"line":3,"column":57}},"3":{"start":{"line":4,"column":0},"end":{"line":4,"column":60}},"4":{"start":{"line":6,"column":15},"end":{"line":6,"column":23}},"5":{"start":{"line":7,"column":0},"end":{"line":7,"column":85}},"6":{"start":{"line":9,"column":0},"end":{"line":9,"column":22}}},"fnMap":{},"branchMap":{},"s":{"0":4,"1":4,"2":4,"3":4,"4":4,"5":4,"6":4},"f":{},"b":{}}
,"C:\\Users\\Niranjan\\CodingWorld\\InstantTickets\\server\\src\\routes\\movie.route.ts": {"path":"C:\\Users\\Niranjan\\CodingWorld\\InstantTickets\\server\\src\\routes\\movie.route.ts","statementMap":{"0":{"start":{"line":1,"column":0},"end":{"line":1,"column":33}},"1":{"start":{"line":2,"column":0},"end":{"line":2,"column":66}},"2":{"start":{"line":3,"column":0},"end":{"line":3,"column":57}},"3":{"start":{"line":4,"column":0},"end":{"line":4,"column":56}},"4":{"start":{"line":5,"column":0},"end":{"line":5,"column":56}},"5":{"start":{"line":7,"column":15},"end":{"line":7,"column":23}},"6":{"start":{"line":8,"column":0},"end":{"line":8,"column":58}},"7":{"start":{"line":9,"column":0},"end":{"line":9,"column":59}},"8":{"start":{"line":10,"column":0},"end":{"line":10,"column":79}},"9":{"start":{"line":11,"column":0},"end":{"line":11,"column":86}},"10":{"start":{"line":13,"column":0},"end":{"line":13,"column":22}}},"fnMap":{},"branchMap":{},"s":{"0":4,"1":4,"2":4,"3":4,"4":4,"5":4,"6":4,"7":4,"8":4,"9":4,"10":4},"f":{},"b":{}}
,"C:\\Users\\Niranjan\\CodingWorld\\InstantTickets\\server\\src\\routes\\show.route.ts": {"path":"C:\\Users\\Niranjan\\CodingWorld\\InstantTickets\\server\\src\\routes\\show.route.ts","statementMap":{"0":{"start":{"line":1,"column":0},"end":{"line":1,"column":33}},"1":{"start":{"line":2,"column":0},"end":{"line":2,"column":64}},"2":{"start":{"line":3,"column":0},"end":{"line":3,"column":57}},"3":{"start":{"line":4,"column":0},"end":{"line":4,"column":54}},"4":{"start":{"line":6,"column":15},"end":{"line":6,"column":23}},"5":{"start":{"line":7,"column":0},"end":{"line":7,"column":51}},"6":{"start":{"line":8,"column":0},"end":{"line":8,"column":59}},"7":{"start":{"line":9,"column":0},"end":{"line":9,"column":64}},"8":{"start":{"line":10,"column":0},"end":{"line":10,"column":76}},"9":{"start":{"line":12,"column":0},"end":{"line":12,"column":22}}},"fnMap":{},"branchMap":{},"s":{"0":4,"1":4,"2":4,"3":4,"4":4,"5":4,"6":4,"7":4,"8":4,"9":4},"f":{},"b":{}}
,"C:\\Users\\Niranjan\\CodingWorld\\InstantTickets\\server\\src\\routes\\venue.route.ts": {"path":"C:\\Users\\Niranjan\\CodingWorld\\InstantTickets\\server\\src\\routes\\venue.route.ts","statementMap":{"0":{"start":{"line":1,"column":0},"end":{"line":1,"column":33}},"1":{"start":{"line":2,"column":0},"end":{"line":2,"column":66}},"2":{"start":{"line":3,"column":0},"end":{"line":3,"column":57}},"3":{"start":{"line":4,"column":0},"end":{"line":4,"column":56}},"4":{"start":{"line":6,"column":15},"end":{"line":6,"column":23}},"5":{"start":{"line":7,"column":0},"end":{"line":7,"column":58}},"6":{"start":{"line":8,"column":0},"end":{"line":8,"column":79}},"7":{"start":{"line":10,"column":0},"end":{"line":10,"column":22}}},"fnMap":{},"branchMap":{},"s":{"0":4,"1":4,"2":4,"3":4,"4":4,"5":4,"6":4,"7":4},"f":{},"b":{}}
[...]
art":{"line":80,"column":52},"end":{"line":80,"column":65}},{"start":{"line":80,"column":68},"end":{"line":80,"column":90}}]},"6":{"loc":{"start":{"line":88,"column":6},"end":{"line":88,"column":29}},"type":"if","locations":[{"start":{"line":88,"column":6},"end":{"line":88,"column":29}}]},"7":{"loc":{"start":{"line":91,"column":6},"end":{"line":91,"column":30}},"type":"if","locations":[{"start":{"line":91,"column":6},"end":{"line":91,"column":30}}]},"8":{"loc":{"start":{"line":100,"column":8},"end":{"line":105,"column":9}},"type":"if","locations":[{"start":{"line":100,"column":8},"end":{"line":105,"column":9}}]},"9":{"loc":{"start":{"line":111,"column":12},"end":{"line":113,"column":13}},"type":"if","locations":[{"start":{"line":111,"column":12},"end":{"line":113,"column":13}}]},"10":{"loc":{"start":{"line":111,"column":16},"end":{"line":111,"column":39}},"type":"binary-expr","locations":[{"start":{"line":111,"column":16},"end":{"line":111,"column":24}},{"start":{"line":111,"column":28},"end":{"line":111,"column":39}}]},"11":{"loc":{"start":{"line":118,"column":25},"end":{"line":118,"column":41}},"type":"binary-expr","locations":[{"start":{"line":118,"column":25},"end":{"line":118,"column":35}},{"start":{"line":118,"column":39},"end":{"line":118,"column":41}}]},"12":{"loc":{"start":{"line":120,"column":8},"end":{"line":125,"column":9}},"type":"if","locations":[{"start":{"line":120,"column":8},"end":{"line":125,"column":9}}]},"13":{"loc":{"start":{"line":120,"column":12},"end":{"line":120,"column":52}},"type":"binary-expr","locations":[{"start":{"line":120,"column":12},"end":{"line":120,"column":20}},{"start":{"line":120,"column":24},"end":{"line":120,"column":35}},{"start":{"line":120,"column":39},"end":{"line":120,"column":52}}]},"14":{"loc":{"start":{"line":130,"column":27},"end":{"line":130,"column":90}},"type":"cond-expr","locations":[{"start":{"line":130,"column":52},"end":{"line":130,"column":65}},{"start":{"line":130,"column":68},"end":{"line":130,"column":90}}]}},"s":{"0":4,"1":4,"2":4,"3":4,"4":4,"5":4,"6":2,"7":2,"8":2,"9":0,"10":0,"11":1,"12":1,"13":1,"14":1,"15":0,"16":1,"17":1,"18":2,"19":2,"20":10,"21":10,"22":100,"23":1,"24":0,"25":0,"26":0,"27":0,"28":0,"29":0,"30":0,"31":1,"32":1,"33":1,"34":1,"35":0,"36":1,"37":1,"38":1,"39":1,"40":0,"41":0,"42":1,"43":1,"44":1,"45":1,"46":0,"47":1,"48":1,"49":0,"50":1,"51":1,"52":10,"53":200,"54":1,"55":1,"56":2,"57":2,"58":2,"59":2,"60":10,"61":10,"62":100,"63":100,"64":100,"65":90,"66":1,"67":100,"68":100,"69":90,"70":1,"71":0,"72":0},"f":{"0":2,"1":2,"2":1,"3":1,"4":0,"5":0,"6":1,"7":1,"8":1,"9":1,"10":10,"11":200},"b":{"0":[0,0],"1":[0],"2":[0,0],"3":[0,0],"4":[0],"5":[0,0],"6":[0],"7":[0],"8":[2],"9":[90],"10":[100,90],"11":[1,0],"12":[90],"13":[100,90,90],"14":[0,0]}}
,"C:\\Users\\Niranjan\\CodingWorld\\InstantTickets\\server\\src\\services\\theatreAdmin.service.ts": {"path":"C:\\Users\\Niranjan\\CodingWorld\\InstantTickets\\server\\src\\services\\theatreAdmin.service.ts","statementMap":{"0":{"start":{"line":2,"column":0},"end":{"line":2,"column":81}},"1":{"start":{"line":3,"column":0},"end":{"line":3,"column":44}},"2":{"start":{"line":5,"column":13},"end":{"line":43,"column":2}},"3":{"start":{"line":6,"column":62},"end":{"line":13,"column":null}},"4":{"start":{"line":7,"column":4},"end":{"line":12,"column":5}},"5":{"start":{"line":8,"column":6},"end":{"line":8,"column":56}},"6":{"start":{"line":10,"column":27},"end":{"line":10,"column":90}},"7":{"start":{"line":11,"column":6},"end":{"line":11,"column":48}},"8":{"start":{"line":15,"column":50},"end":{"line":22,"column":null}},"9":{"start":{"line":16,"column":4},"end":{"line":21,"column":5}},"10":{"start":{"line":17,"column":6},"end":{"line":17,"column":68}},"11":{"start":{"line":19,"column":27},"end":{"line":19,"column":90}},"12":{"start":{"line":20,"column":6},"end":{"line":20,"column":48}},"13":{"start":{"line":24,"column":55},"end":{"line":33,"column":null}},"14":{"start":{"line":25,"column":4},"end":{"line":32,"column":5}},"15":{"start":{"line":26,"column":20},"end":{"line":26,"column":74}},"16":{"start":{"line":27,"column":6},"end":{"line":27,"column":34}},"17":{"start":{"line":28,"column":6},"end":{"line":28,"column":20}},"18":{"start":{"line":30,"column":27},"end":{"line":30,"column":90}},"19":{"start":{"line":31,"column":6},"end":{"line":31,"column":48}},"20":{"start":{"line":35,"column":50},"end":{"line":42,"column":null}},"21":{"start":{"line":36,"column":4},"end":{"line":41,"column":5}},"22":{"start":{"line":37,"column":6},"end":{"line":37,"column":71}},"23":{"start":{"line":39,"column":27},"end":{"line":39,"column":90}},"24":{"start":{"line":40,"column":6},"end":{"line":40,"column":48}}},"fnMap":{"0":{"name":"(anonymous_7)","decl":{"start":{"line":6,"column":22},"end":{"line":6,"column":29}},"loc":{"start":{"line":6,"column":62},"end":{"line":13,"column":null}}},"1":{"name":"(anonymous_8)","decl":{"start":{"line":6,"column":62},"end":{"line":6,"column":null}},"loc":{"start":{"line":6,"column":62},"end":{"line":13,"column":3}}},"2":{"name":"(anonymous_9)","decl":{"start":{"line":15,"column":26},"end":{"line":15,"column":33}},"loc":{"start":{"line":15,"column":50},"end":{"line":22,"column":null}}},"3":{"name":"(anonymous_10)","decl":{"start":{"line":15,"column":50},"end":{"line":15,"column":null}},"loc":{"start":{"line":15,"column":50},"end":{"line":22,"column":3}}},"4":{"name":"(anonymous_11)","decl":{"start":{"line":24,"column":14},"end":{"line":24,"column":21}},"loc":{"start":{"line":24,"column":55},"end":{"line":33,"column":null}}},"5":{"name":"(anonymous_12)","decl":{"start":{"line":24,"column":55},"end":{"line":24,"column":null}},"loc":{"start":{"line":24,"column":55},"end":{"line":33,"column":3}}},"6":{"name":"(anonymous_13)","decl":{"start":{"line":35,"column":26},"end":{"line":35,"column":33}},"loc":{"start":{"line":35,"column":50},"end":{"line":42,"column":null}}},"7":{"name":"(anonymous_14)","decl":{"start":{"line":35,"column":50},"end":{"line":35,"column":null}},"loc":{"start":{"line":35,"column":50},"end":{"line":42,"column":3}}}},"branchMap":{"0":{"loc":{"start":{"line":10,"column":27},"end":{"line":10,"column":90}},"type":"cond-expr","locations":[{"start":{"line":10,"column":52},"end":{"line":10,"column":65}},{"start":{"line":10,"column":68},"end":{"line":10,"column":90}}]},"1":{"loc":{"start":{"line":19,"column":27},"end":{"line":19,"column":90}},"type":"cond-expr","locations":[{"start":{"line":19,"column":52},"end":{"line":19,"column":65}},{"start":{"line":19,"column":68},"end":{"line":19,"column":90}}]},"2":{"loc":{"start":{"line":27,"column":6},"end":{"line":27,"column":33}},"type":"cond-expr","locations":[{"start":{"line":27,"column":11},"end":{"line":27,"column":13}},{"start":{"line":27,"column":6},"end":{"line":27,"column":33}}]},"3":{"loc":{"start":{"line":27,"column":6},"end":{"line":27,"column":13}},"type":"binary-expr","locations":[{"start":{"line":27,"column":6},"end":{"line":27,"column":13}},{"start":{"line":27,"column":6},"end":{"line":27,"column":13}}]},"4":{"loc":{"start":{"line":28,"column":6},"end":{"line":28,"column":19}},"type":"cond-expr","locations":[{"start":{"line":28,"column":11},"end":{"line":28,"column":13}},{"start":{"line":28,"column":6},"end":{"line":28,"column":19}}]},"5":{"loc":{"start":{"line":28,"column":6},"end":{"line":28,"column":13}},"type":"binary-expr","locations":[{"start":{"line":28,"column":6},"end":{"line":28,"column":13}},{"start":{"line":28,"column":6},"end":{"line":28,"column":13}}]},"6":{"loc":{"start":{"line":30,"column":27},"end":{"line":30,"column":90}},"type":"cond-expr","locations":[{"start":{"line":30,"column":52},"end":{"line":30,"column":65}},{"start":{"line":30,"column":68},"end":{"line":30,"column":90}}]},"7":{"loc":{"start":{"line":39,"column":27},"end":{"line":39,"column":90}},"type":"cond-expr","locations":[{"start":{"line":39,"column":52},"end":{"line":39,"column":65}},{"start":{"line":39,"column":68},"end":{"line":39,"column":90}}]}},"s":{"0":4,"1":4,"2":4,"3":0,"4":0,"5":0,"6":0,"7":0,"8":1,"9":1,"10":1,"11":0,"12":0,"13":2,"14":2,"15":2,"16":2,"17":2,"18":0,"19":0,"20":2,"21":2,"22":2,"23":0,"24":0},"f":{"0":0,"1":0,"2":1,"3":1,"4":2,"5":2,"6":2,"7":2},"b":{"0":[0,0],"1":[0,0],"2":[2,0],"3":[2,0],"4":[2,0],"5":[2,0],"6":[0,0],"7":[0,0]}}
,"C:\\Users\\Niranjan\\CodingWorld\\InstantTickets\\server\\src\\services\\user.service.ts": {"path":"C:\\Users\\Niranjan\\CodingWorld\\InstantTickets\\server\\src\\services\\user.service.ts","statementMap":{"0":{"start":{"line":2,"column":0},"end":{"line":2,"column":65}},"1":{"start":{"line":3,"column":0},"end":{"line":3,"column":44}},"2":{"start":{"line":5,"column":13},"end":{"line":43,"column":2}},"3":{"start":{"line":6,"column":45},"end":{"line":13,"column":null}},"4":{"start":{"line":7,"column":4},"end":{"line":12,"column":5}},"5":{"start":{"line":8,"column":6},"end":{"line":8,"column":47}},"6":{"start":{"line":10,"column":27},"end":{"line":10,"column":90}},"7":{"start":{"line":11,"column":6},"end":{"line":11,"column":48}},"8":{"start":{"line":15,"column":42},"end":{"line":22,"column":null}},"9":{"start":{"line":16,"column":4},"end":{"line":21,"column":5}},"10":{"start":{"line":17,"column":6},"end":{"line":17,"column":60}},"11":{"start":{"line":19,"column":27},"end":{"line":19,"column":90}},"12":{"start":{"line":20,"column":6},"end":{"line":20,"column":48}},"13":{"start":{"line":24,"column":57},"end":{"line":33,"column":null}},"14":{"start":{"line":25,"column":4},"end":{"line":32,"column":5}},"15":{"start":{"line":26,"column":19},"end":{"line":26,"column":65}},"16":{"start":{"line":27,"column":6},"end":{"line":27,"column":37}},"17":{"start":{"line":28,"column":6},"end":{"line":28,"column":19}},"18":{"start":{"line":30,"column":27},"end":{"line":30,"column":90}},"19":{"start":{"line":31,"column":6},"end":{"line":31,"column":48}},"20":{"start":{"line":35,"column":42},"end":{"line":42,"column":null}},"21":{"start":{"line":36,"column":4},"end":{"line":41,"column":5}},"22":{"start":{"line":37,"column":6},"end":{"line":37,"column":63}},"23":{"start":{"line":39,"column":27},"end":{"line":39,"column":90}},"24":{"start":{"line":40,"column":6},"end":{"line":40,"column":48}}},"fnMap":{"0":{"name":"(anonymous_7)","decl":{"start":{"line":6,"column":14},"end":{"line":6,"column":21}},"loc":{"start":{"line":6,"column":45},"end":{"line":13,"column":null}}},"1":{"name":"(anonymous_8)","decl":{"start":{"line":6,"column":45},"end":{"line":6,"column":null}},"loc":{"start":{"line":6,"column":45},"end":{"line":13,"column":3}}},"2":{"name":"(anonymous_9)","decl":{"start":{"line":15,"column":18},"end":{"line":15,"column":25}},"loc":{"start":{"line":15,"column":42},"end":{"line":22,"column":null}}},"3":{"name":"(anonymous_10)","decl":{"start":{"line":15,"column":42},"end":{"line":15,"column":null}},"loc":{"start":{"line":15,"column":42},"end":{"line":22,"column":3}}},"4":{"name":"(anonymous_11)","decl":{"start":{"line":24,"column":14},"end":{"line":24,"column":21}},"loc":{"start":{"line":24,"column":57},"end":{"line":33,"column":null}}},"5":{"name":"(anonymous_12)","decl":{"start":{"line":24,"column":57},"end":{"line":24,"column":null}},"loc":{"start":{"line":24,"column":57},"end":{"line":33,"column":3}}},"6":{"name":"(anonymous_13)","decl":{"start":{"line":35,"column":18},"end":{"line":35,"column":25}},"loc":{"start":{"line":35,"column":42},"end":{"line":42,"column":null}}},"7":{"name":"(anonymous_14)","decl":{"start":{"line":35,"column":42},"end":{"line":35,"column":null}},"loc":{"start":{"line":35,"column":42},"end":{"line":42,"column":3}}}},"branchMap":{"0":{"loc":{"start":{"line":10,"column":27},"end":{"line":10,"column":90}},"type":"cond-expr","locations":[{"start":{"line":10,"column":52},"end":{"line":10,"column":65}},{"start":{"line":10,"column":68},"end":{"line":10,"column":90}}]},"1":{"loc":{"start":{"line":19,"column":27},"end":{"line":19,"column":90}},"type":"cond-expr","locations":[{"start":{"line":19,"column":52},"end":{"line":19,"column":65}},{"start":{"line":19,"column":68},"end":{"line":19,"column":90}}]},"2":{"loc":{"start":{"line":27,"column":6},"end":{"line":27,"column":36}},"type":"cond-expr","locations":[{"start":{"line":27,"column":10},"end":{"line":27,"column":12}},{"start":{"line":27,"column":6},"end":{"line":27,"column":36}}]},"3":{"loc":{"start":{"line":27,"column":6},"end":{"line":27,"column":12}},"type":"binary-expr","locations":[{"start":{"line":27,"column":6},"end":{"line":27,"column":12}},{"start":{"line":27,"column":6},"end":{"line":27,"column":12}}]},"4":{"loc":{"start":{"line":28,"column":6},"end":{"line":28,"column":18}},"type":"cond-expr","locations":[{"start":{"line":28,"column":10},"end":{"line":28,"column":12}},{"start":{"line":28,"column":6},"end":{"line":28,"column":18}}]},"5":{"loc":{"start":{"line":28,"column":6},"end":{"line":28,"column":12}},"type":"binary-expr","locations":[{"start":{"line":28,"column":6},"end":{"line":28,"column":12}},{"start":{"line":28,"column":6},"end":{"line":28,"column":12}}]},"6":{"loc":{"start":{"line":30,"column":27},"end":{"line":30,"column":90}},"type":"cond-expr","locations":[{"start":{"line":30,"column":52},"end":{"line":30,"column":65}},{"start":{"line":30,"column":68},"end":{"line":30,"column":90}}]},"7":{"loc":{"start":{"line":39,"column":27},"end":{"line":39,"column":90}},"type":"cond-expr","locations":[{"start":{"line":39,"column":52},"end":{"line":39,"column":65}},{"start":{"line":39,"column":68},"end":{"line":39,"column":90}}]}},"s":{"0":4,"1":4,"2":4,"3":1,"4":1,"5":1,"6":0,"7":0,"8":1,"9":1,"10":1,"11":0,"12":0,"13":0,"14":0,"15":0,"16":0,"17":0,"18":0,"19":0,"20":2,"21":2,"22":2,"23":0,"24":0},"f":{"0":1,"1":1,"2":1,"3":1,"4":0,"5":0,"6":2,"7":2},"b":{"0":[0,0],"1":[0,0],"2":[0,0],"3":[0,0],"4":[0,0],"5":[0,0],"6":[0,0],"7":[0,0]}}
,"C:\\Users\\Niranjan\\CodingWorld\\InstantTickets\\server\\src\\services\\venue.service.ts": {"path":"C:\\Users\\Niranjan\\CodingWorld\\InstantTickets\\server\\src\\services\\venue.service.ts","statementMap":{"0":{"start":{"line":2,"column":0},"end":{"line":2,"column":69}},"1":{"start":{"line":3,"column":0},"end":{"line":3,"column":81}},"2":{"start":{"line":4,"column":0},"end":{"line":4,"column":44}},"3":{"start":{"line":6,"column":13},"end":{"line":58,"column":2}},"4":{"start":{"line":7,"column":48},"end":{"line":14,"column":null}},"5":{"start":{"line":8,"column":4},"end":{"line":13,"column":5}},"6":{"start":{"line":9,"column":6},"end":{"line":9,"column":43}},"7":{"start":{"line":11,"column":27},"end":{"line":11,"column":90}},"8":{"start":{"line":12,"column":6},"end":{"line":12,"column":48}},"9":{"start":{"line":16,"column":42},"end":{"line":23,"column":null}},"10":{"start":{"line":17,"column":4},"end":{"line":22,"column":5}},"11":{"start":{"line":18,"column":6},"end":{"line":18,"column":61}},"12":{"start":{"line":20,"column":27},"end":{"line":20,"column":90}},"13":{"start":{"line":21,"column":6},"end":{"line":21,"column":48}},"14":{"start":{"line":25,"column":54},"end":{"line":47,"column":null}},"15":{"start":{"line":26,"column":4},"end":{"line":46,"column":5}},"16":{"start":{"line":27,"column":20},"end":{"line":27,"column":79}},"17":{"start":{"line":29,"column":6},"end":{"line":31,"column":7}},"18":{"start":{"line":30,"column":8},"end":{"line":30,"column":18}},"19":{"start":{"line":33,"column":18},"end":{"line":33,"column":20}},"20":{"start":{"line":34,"column":6},"end":{"line":41,"column":7}},"21":{"start":{"line":35,"column":22},"end":{"line":35,"column":69}},"22":{"start":{"line":36,"column":8},"end":{"line":40,"column":11}},"23":{"start":{"line":42,"column":6},"end":{"line":42,"column":17}},"24":{"start":{"line":44,"column":27},"end":{"line":44,"column":90}},"25":{"start":{"line":45,"column":6},"end":{"line":45,"column":48}},"26":{"start":{"line":49,"column":80},"end":{"line":57,"column":null}},"27":{"start":{"line":50,"column":4},"end":{"line":56,"column":5}},"28":{"start":{"line":51,"column":20},"end":{"line":51,"column":82}},"29":{"start":{"line":52,"column":6},"end":{"line":52,"column":21}},"30":{"start":{"line":54,"column":27},"end":{"line":54,"column":90}},"31":{"start":{"line":55,"column":6},"end":{"line":55,"column":48}}},"fnMap":{"0":{"name":"(anonymous_7)","decl":{"start":{"line":7,"column":15},"end":{"line":7,"column":22}},"loc":{"start":{"line":7,"column":48},"end":{"line":14,"column":null}}},"1":{"name":"(anonymous_8)","decl":{"start":{"line":7,"column":48},"end":{"line":7,"column":null}},"loc":{"start":{"line":7,"column":48},"end":{"line":14,"column":3}}},"2":{"name":"(anonymous_9)","decl":{"start":{"line":16,"column":16},"end":{"line":16,"column":23}},"loc":{"start":{"line":16,"column":42},"end":{"line":23,"column":null}}},"3":{"name":"(anonymous_10)","decl":{"start":{"line":16,"column":42},"end":{"line":16,"column":null}},"loc":{"start":{"line":16,"column":42},"end":{"line":23,"column":3}}},"4":{"name":"(anonymous_11)","decl":{"start":{"line":25,"column":25},"end":{"line":25,"column":32}},"loc":{"start":{"line":25,"column":54},"end":{"line":47,"column":null}}},"5":{"name":"(anonymous_12)","decl":{"start":{"line":25,"column":54},"end":{"line":25,"column":null}},"loc":{"start":{"line":25,"column":54},"end":{"line":47,"column":3}}},"6":{"name":"(anonymous_13)","decl":{"start":{"line":49,"column":20},"end":{"line":49,"column":27}},"loc":{"start":{"line":49,"column":80},"end":{"line":57,"column":null}}},"7":{"name":"(anonymous_14)","decl":{"start":{"line":49,"column":80},"end":{"line":49,"column":null}},"loc":{"start":{"line":49,"column":80},"end":{"line":57,"column":3}}}},"branchMap":{"0":{"loc":{"start":{"line":11,"column":27},"end":{"line":11,"column":90}},"type":"cond-expr","locations":[{"start":{"line":11,"column":52},"end":{"line":11,"column":65}},{"start":{"line":11,"column":68},"end":{"line":11,"column":90}}]},"1":{"loc":{"start":{"line":20,"column":27},"end":{"line":20,"column":90}},"type":"cond-expr","locations":[{"start":{"line":20,"column":52},"end":{"line":20,"column":65}},{"start":{"line":20,"column":68},"end":{"line":20,"column":90}}]},"2":{"loc":{"start":{"line":29,"column":6},"end":{"line":31,"column":7}},"type":"if","locations":[{"start":{"line":29,"column":6},"end":{"line":31,"column":7}}]},"3":{"loc":{"start":{"line":38,"column":16},"end":{"line":38,"column":27}},"type":"cond-expr","locations":[{"start":{"line":38,"column":21},"end":{"line":38,"column":23}},{"start":{"line":38,"column":16},"end":{"line":38,"column":27}}]},"4":{"loc":{"start":{"line":38,"column":16},"end":{"line":38,"column":23}},"type":"binary-expr","locations":[{"start":{"line":38,"column":16},"end":{"line":38,"column":23}},{"start":{"line":38,"column":16},"end":{"line":38,"column":23}}]},"5":{"loc":{"start":{"line":39,"column":16},"end":{"line":39,"column":27}},"type":"cond-expr","locations":[{"start":{"line":39,"column":21},"end":{"line":39,"column":23}},{"start":{"line":39,"column":16},"end":{"line":39,"column":27}}]},"6":{"loc":{"start":{"line":39,"column":16},"end":{"line":39,"column":23}},"type":"binary-expr","locations":[{"start":{"line":39,"column":16},"end":{"line":39,"column":23}},{"start":{"line":39,"column":16},"end":{"line":39,"column":23}}]},"7":{"loc":{"start":{"line":44,"column":27},"end":{"line":44,"column":90}},"type":"cond-expr","locations":[{"start":{"line":44,"column":52},"end":{"line":44,"column":65}},{"start":{"line":44,"column":68},"end":{"line":44,"column":90}}]},"8":{"loc":{"start":{"line":54,"column":27},"end":{"line":54,"column":90}},"type":"cond-expr","locations":[{"start":{"line":54,"column":52},"end":{"line":54,"column":65}},{"start":{"line":54,"column":68},"end":{"line":54,"column":90}}]}},"s":{"0":4,"1":4,"2":4,"3":4,"4":2,"5":2,"6":2,"7":0,"8":0,"9":1,"10":1,"11":1,"12":0,"13":0,"14":1,"15":1,"16":1,"17":1,"18":1,"19":0,"20":0,"21":0,"22":0,"23":0,"24":0,"25":0,"26":3,"27":3,"28":3,"29":3,"30":0,"31":0},"f":{"0":2,"1":2,"2":1,"3":1,"4":1,"5":1,"6":3,"7":3},"b":{"0":[0,0],"1":[0,0],"2":[1],"3":[0,0],"4":[0,0],"5":[0,0],"6":[0,0],"7":[0,0],"8":[0,0]}}
}
