TN:
SF:src\app.ts
FN:33,(anonymous_1)
FNF:1
FNH:1
FNDA:1,(anonymous_1)
DA:1,4
DA:2,4
DA:3,4
DA:4,4
DA:5,4
DA:6,4
DA:7,4
DA:8,4
DA:9,4
DA:10,4
DA:13,4
DA:16,4
DA:22,4
DA:23,4
DA:26,4
DA:27,4
DA:28,4
DA:29,4
DA:30,4
DA:33,4
DA:34,1
DA:37,4
LF:22
LH:22
BRF:0
BRH:0
end_of_record
TN:
SF:src\config\config.ts
FNF:0
FNH:0
DA:1,4
DA:2,4
DA:4,4
LF:3
LH:3
BRF:0
BRH:0
end_of_record
TN:
SF:src\config\enum.ts
FN:1,(anonymous_0)
FN:7,(anonymous_1)
FN:12,(anonymous_2)
FNF:3
FNH:3
FNDA:4,(anonymous_0)
FNDA:4,(anonymous_1)
FNDA:4,(anonymous_2)
DA:1,4
DA:2,4
DA:3,4
DA:4,4
DA:7,4
DA:8,4
DA:9,4
DA:12,4
DA:13,4
DA:14,4
DA:15,4
LF:11
LH:11
BRDA:1,0,0,4
BRDA:1,0,1,4
BRDA:7,1,0,4
BRDA:7,1,1,4
BRDA:12,2,0,4
BRDA:12,2,1,4
BRF:6
BRH:6
end_of_record
TN:
SF:src\config\logger.ts
FN:14,(anonymous_0)
FN:17,(anonymous_1)
FN:25,(anonymous_2)
FN:26,(anonymous_3)
FN:55,logError
FNF:5
FNH:0
FNDA:0,(anonymous_0)
FNDA:0,(anonymous_1)
FNDA:0,(anonymous_2)
FNDA:0,(anonymous_3)
FNDA:0,logError
DA:1,4
DA:3,4
DA:14,0
DA:17,0
DA:25,0
DA:26,0
DA:55,4
DA:56,0
DA:57,0
LF:9
LH:3
BRF:0
BRH:0
end_of_record
TN:
SF:src\controllers\auth.controller.ts
FN:11,(anonymous_8)
FN:11,(anonymous_9)
FN:58,(anonymous_10)
FN:58,(anonymous_11)
FN:102,(anonymous_12)
FN:102,(anonymous_13)
FNF:6
FNH:6
FNDA:2,(anonymous_8)
FNDA:2,(anonymous_9)
FNDA:2,(anonymous_10)
FNDA:2,(anonymous_11)
FNDA:1,(anonymous_12)
FNDA:1,(anonymous_13)
DA:1,4
DA:3,4
DA:4,4
DA:5,4
DA:6,4
DA:7,4
DA:8,4
DA:10,4
DA:11,2
DA:12,2
DA:13,2
DA:16,2
DA:17,1
DA:18,1
DA:19,0
DA:21,1
DA:24,2
DA:25,1
DA:28,1
DA:31,1
DA:32,0
DA:35,0
DA:39,1
DA:42,1
DA:46,1
DA:51,0
DA:58,2
DA:59,2
DA:60,2
DA:62,2
DA:67,1
DA:70,1
DA:74,1
DA:75,0
DA:76,1
DA:77,0
DA:79,1
DA:83,1
DA:86,1
DA:90,1
DA:95,0
DA:102,1
DA:103,1
DA:104,1
DA:105,1
DA:107,0
LF:46
LH:38
BRDA:16,0,0,1
BRDA:16,0,1,1
BRDA:18,1,0,0
BRDA:18,1,1,1
BRDA:24,2,0,1
BRDA:31,3,0,0
BRDA:62,4,0,1
BRDA:63,5,0,2
BRDA:63,5,1,2
BRDA:63,5,2,2
BRDA:74,6,0,0
BRDA:74,6,1,1
BRDA:76,7,0,0
BRDA:76,7,1,1
BRF:14
BRH:10
end_of_record
TN:
SF:src\controllers\booking.controller.ts
FN:6,(anonymous_7)
FN:6,(anonymous_8)
FNF:2
FNH:0
FNDA:0,(anonymous_7)
FNDA:0,(anonymous_8)
DA:2,4
DA:3,4
DA:5,4
DA:6,0
DA:7,0
DA:8,0
DA:9,0
DA:17,0
DA:22,0
DA:23,0
DA:25,0
DA:28,0
LF:12
LH:3
BRDA:22,0,0,0
BRDA:22,0,1,0
BRF:2
BRH:0
end_of_record
TN:
SF:src\controllers\movie.controller.ts
FN:14,(anonymous_16)
FN:14,(anonymous_17)
FN:51,(anonymous_18)
FN:51,(anonymous_19)
FN:80,(anonymous_20)
FN:80,(anonymous_21)
FN:95,(anonymous_22)
FN:95,(anonymous_23)
FNF:8
FNH:8
FNDA:5,(anonymous_16)
FNDA:5,(anonymous_17)
FNDA:1,(anonymous_18)
FNDA:1,(anonymous_19)
FNDA:1,(anonymous_20)
FNDA:1,(anonymous_21)
FNDA:1,(anonymous_22)
FNDA:1,(anonymous_23)
DA:1,4
DA:3,4
DA:4,4
DA:5,4
DA:6,4
DA:13,4
DA:14,5
DA:15,5
DA:16,5
DA:17,5
DA:18,1
DA:19,1
DA:22,4
DA:23,2
DA:24,2
DA:33,2
DA:34,2
DA:36,2
DA:37,1
DA:38,1
DA:40,1
DA:41,1
DA:42,1
DA:44,0
DA:51,1
DA:52,1
DA:53,1
DA:54,1
DA:55,0
DA:56,0
DA:59,1
DA:60,1
DA:61,1
DA:65,0
DA:66,0
DA:67,0
DA:69,0
DA:70,0
DA:71,0
DA:73,0
DA:80,1
DA:81,1
DA:82,1
DA:83,1
DA:84,1
DA:88,0
DA:95,1
DA:96,1
DA:97,1
DA:98,1
DA:99,1
DA:107,1
DA:109,0
LF:53
LH:41
BRDA:17,0,0,1
BRDA:36,1,0,1
BRDA:40,2,0,1
BRDA:54,3,0,0
BRDA:65,4,0,0
BRDA:69,5,0,0
BRF:6
BRH:3
end_of_record
TN:
SF:src\controllers\show.controller.ts
FN:6,(anonymous_7)
FN:6,(anonymous_8)
FN:27,(anonymous_9)
FN:27,(anonymous_10)
FN:57,(anonymous_11)
FN:57,(anonymous_12)
FN:72,(anonymous_13)
FN:72,(anonymous_14)
FNF:8
FNH:8
FNDA:1,(anonymous_7)
FNDA:1,(anonymous_8)
FNDA:2,(anonymous_9)
FNDA:2,(anonymous_10)
FNDA:1,(anonymous_11)
FNDA:1,(anonymous_12)
FNDA:1,(anonymous_13)
FNDA:1,(anonymous_14)
DA:2,4
DA:3,4
DA:5,4
DA:6,1
DA:7,1
DA:8,1
DA:9,1
DA:18,1
DA:20,0
DA:27,2
DA:28,2
DA:29,2
DA:30,2
DA:32,2
DA:33,1
DA:36,1
DA:39,1
DA:50,0
DA:57,1
DA:58,1
DA:59,1
DA:60,1
DA:61,1
DA:65,0
DA:72,1
DA:73,1
DA:74,1
DA:75,1
DA:77,1
DA:78,0
DA:81,0
DA:84,1
DA:86,0
LF:33
LH:27
BRDA:32,0,0,1
BRDA:77,1,0,0
BRF:2
BRH:1
end_of_record
TN:
SF:src\controllers\venue.controller.ts
FN:14,(anonymous_16)
FN:14,(anonymous_17)
FN:56,(anonymous_18)
FN:56,(anonymous_19)
FN:84,(anonymous_20)
FN:84,(anonymous_21)
FNF:6
FNH:4
FNDA:3,(anonymous_16)
FNDA:3,(anonymous_17)
FNDA:0,(anonymous_18)
FNDA:0,(anonymous_19)
FNDA:1,(anonymous_20)
FNDA:1,(anonymous_21)
DA:1,4
DA:3,4
DA:4,4
DA:5,4
DA:6,4
DA:13,4
DA:14,3
DA:15,3
DA:16,3
DA:17,3
DA:18,0
DA:19,0
DA:22,3
DA:23,3
DA:24,3
DA:25,3
DA:26,1
DA:27,1
DA:30,2
DA:38,2
DA:39,2
DA:41,0
DA:42,0
DA:43,0
DA:45,0
DA:46,0
DA:47,0
DA:49,0
DA:56,0
DA:57,0
DA:58,0
DA:59,0
DA:61,0
DA:62,0
DA:65,0
DA:68,0
DA:77,0
DA:84,1
DA:85,1
DA:86,1
DA:87,1
DA:88,0
DA:89,0
DA:91,1
DA:92,1
DA:93,1
DA:97,0
DA:98,0
DA:99,0
DA:101,0
DA:102,0
DA:103,0
DA:105,0
LF:53
LH:26
BRDA:17,0,0,0
BRDA:25,1,0,1
BRDA:41,2,0,0
BRDA:45,3,0,0
BRDA:61,4,0,0
BRDA:87,5,0,0
BRDA:97,6,0,0
BRDA:101,7,0,0
BRF:8
BRH:1
end_of_record
TN:
SF:src\dto\CreateBooking.dto.ts
FNF:0
FNH:0
DA:1,4
DA:3,4
DA:6,4
DA:10,4
DA:14,4
DA:20,4
LF:6
LH:6
BRF:0
BRH:0
end_of_record
TN:
SF:src\dto\CreateMovie.dto.ts
FNF:0
FNH:0
DA:1,4
DA:3,4
DA:6,4
DA:10,4
DA:17,4
DA:24,4
DA:31,4
DA:38,4
LF:8
LH:8
BRF:0
BRH:0
end_of_record
TN:
SF:src\dto\CreateShow.dto.ts
FN:27,(anonymous_2)
FN:32,(anonymous_3)
FNF:2
FNH:2
FNDA:1,(anonymous_2)
FNDA:1,(anonymous_3)
DA:1,4
DA:2,4
DA:4,4
DA:7,4
DA:11,4
DA:15,4
DA:19,4
DA:23,4
DA:27,1
DA:28,4
DA:32,1
DA:33,4
LF:12
LH:12
BRF:0
BRH:0
end_of_record
TN:
SF:src\dto\CreateVenue.dto.ts
FN:17,(anonymous_2)
FN:22,(anonymous_3)
FN:28,(anonymous_4)
FNF:3
FNH:3
FNDA:3,(anonymous_2)
FNDA:3,(anonymous_3)
FNDA:3,(anonymous_4)
DA:1,4
DA:3,4
DA:4,4
DA:6,4
DA:9,4
DA:13,4
DA:17,3
DA:18,4
DA:22,3
DA:23,4
DA:28,3
DA:29,4
LF:12
LH:12
BRF:0
BRH:0
end_of_record
TN:
SF:src\dto\Section.dto.ts
FN:11,(anonymous_2)
FN:16,(anonymous_3)
FN:21,(anonymous_4)
FN:26,(anonymous_5)
FN:31,(anonymous_6)
FNF:5
FNH:5
FNDA:6,(anonymous_2)
FNDA:6,(anonymous_3)
FNDA:6,(anonymous_4)
FNDA:6,(anonymous_5)
FNDA:6,(anonymous_6)
DA:1,4
DA:2,4
DA:4,4
DA:7,4
DA:11,6
DA:12,4
DA:16,6
DA:17,4
DA:21,6
DA:22,4
DA:26,6
DA:27,4
DA:31,6
DA:32,4
DA:36,4
LF:15
LH:15
BRF:0
BRH:0
end_of_record
TN:
SF:src\dto\Signin.dto.ts
FNF:0
FNH:0
DA:1,4
DA:2,4
DA:4,4
DA:7,4
DA:11,4
DA:15,4
LF:6
LH:6
BRF:0
BRH:0
end_of_record
TN:
SF:src\dto\Signup.dto.ts
FNF:0
FNH:0
DA:1,4
DA:2,4
DA:4,4
DA:7,4
DA:11,4
DA:17,4
LF:6
LH:6
BRF:0
BRH:0
end_of_record
TN:
SF:src\dto\UpdateMovie.dto.ts
FNF:0
FNH:0
DA:1,4
DA:3,4
DA:6,4
DA:10,4
DA:17,4
DA:24,4
DA:31,4
DA:35,4
LF:8
LH:8
BRF:0
BRH:0
end_of_record
TN:
SF:src\middleware\validate.ts
FN:6,validateRequest
FN:7,(anonymous_8)
FN:7,(anonymous_9)
FN:14,(anonymous_10)
FNF:4
FNH:4
FNDA:28,validateRequest
FNDA:16,(anonymous_8)
FNDA:16,(anonymous_9)
FNDA:3,(anonymous_10)
DA:1,4
DA:2,4
DA:4,4
DA:6,4
DA:7,28
DA:8,16
DA:9,16
DA:11,16
DA:12,2
DA:14,3
DA:19,2
DA:22,14
LF:12
LH:12
BRDA:11,0,0,2
BRF:1
BRH:1
end_of_record
TN:
SF:src\models\booking.model.ts
FNF:0
FNH:0
DA:1,4
DA:11,4
DA:34,4
LF:3
LH:3
BRF:0
BRH:0
end_of_record
TN:
SF:src\models\movie.model.ts
FNF:0
FNH:0
DA:1,4
DA:2,4
DA:14,4
DA:45,4
LF:4
LH:4
BRF:0
BRH:0
end_of_record
TN:
SF:src\models\movieAdmin.model.ts
FN:28,(anonymous_17)
FN:39,(anonymous_19)
FNF:2
FNH:0
FNDA:0,(anonymous_17)
FNDA:0,(anonymous_19)
DA:1,4
DA:2,4
DA:3,4
DA:12,4
DA:28,4
DA:29,0
DA:30,0
DA:31,0
DA:33,0
DA:35,0
DA:39,4
DA:40,0
DA:43,4
LF:13
LH:7
BRDA:30,0,0,0
BRF:1
BRH:0
end_of_record
TN:
SF:src\models\show.model.ts
FNF:0
FNH:0
DA:1,4
DA:2,4
DA:22,4
DA:42,4
DA:77,4
LF:5
LH:5
BRDA:38,0,0,4
BRDA:38,0,1,0
BRF:2
BRH:1
end_of_record
TN:
SF:src\models\theatreAdmin.model.ts
FN:28,(anonymous_17)
FN:39,(anonymous_19)
FNF:2
FNH:0
FNDA:0,(anonymous_17)
FNDA:0,(anonymous_19)
DA:1,4
DA:2,4
DA:3,4
DA:12,4
DA:28,4
DA:29,0
DA:30,0
DA:31,0
DA:33,0
DA:35,0
DA:39,4
DA:40,0
DA:43,4
LF:13
LH:7
BRDA:30,0,0,0
BRF:1
BRH:0
end_of_record
TN:
SF:src\models\user.model.ts
FN:28,(anonymous_17)
FN:39,(anonymous_19)
FNF:2
FNH:2
FNDA:1,(anonymous_17)
FNDA:1,(anonymous_19)
DA:1,4
DA:2,4
DA:3,4
DA:12,4
DA:28,4
DA:29,1
DA:30,1
DA:31,1
DA:33,1
DA:35,0
DA:39,4
DA:40,1
DA:43,4
LF:13
LH:12
BRDA:30,0,0,1
BRF:1
BRH:1
end_of_record
TN:
SF:src\models\venue.model.ts
FNF:0
FNH:0
DA:1,4
DA:21,4
DA:57,4
DA:80,4
LF:4
LH:4
BRF:0
BRH:0
end_of_record
TN:
SF:src\repositories\booking.repository.ts
FN:6,(anonymous_7)
FN:6,(anonymous_8)
FN:15,(anonymous_9)
FN:15,(anonymous_10)
FN:24,(anonymous_11)
FN:24,(anonymous_12)
FNF:6
FNH:0
FNDA:0,(anonymous_7)
FNDA:0,(anonymous_8)
FNDA:0,(anonymous_9)
FNDA:0,(anonymous_10)
FNDA:0,(anonymous_11)
FNDA:0,(anonymous_12)
DA:1,4
DA:2,4
DA:5,4
DA:6,0
DA:7,0
DA:8,0
DA:10,0
DA:11,0
DA:15,0
DA:16,0
DA:17,0
DA:19,0
DA:20,0
DA:24,0
DA:25,0
DA:26,0
DA:28,0
DA:29,0
LF:18
LH:3
BRDA:10,0,0,0
BRDA:10,0,1,0
BRDA:19,1,0,0
BRDA:19,1,1,0
BRDA:28,2,0,0
BRDA:28,2,1,0
BRF:6
BRH:0
end_of_record
TN:
SF:src\repositories\movie.repository.ts
FN:6,(anonymous_7)
FN:6,(anonymous_8)
FN:15,(anonymous_9)
FN:15,(anonymous_10)
FN:24,(anonymous_11)
FN:24,(anonymous_12)
FN:33,(anonymous_13)
FN:33,(anonymous_14)
FNF:8
FNH:6
FNDA:2,(anonymous_7)
FNDA:2,(anonymous_8)
FNDA:0,(anonymous_9)
FNDA:0,(anonymous_10)
FNDA:1,(anonymous_11)
FNDA:1,(anonymous_12)
FNDA:1,(anonymous_13)
FNDA:1,(anonymous_14)
DA:2,4
DA:3,4
DA:5,4
DA:6,2
DA:7,2
DA:8,2
DA:10,0
DA:11,0
DA:15,0
DA:16,0
DA:17,0
DA:19,0
DA:20,0
DA:24,1
DA:25,1
DA:26,1
DA:28,0
DA:29,0
DA:33,1
DA:34,1
DA:35,1
DA:37,0
DA:38,0
LF:23
LH:12
BRDA:10,0,0,0
BRDA:10,0,1,0
BRDA:19,1,0,0
BRDA:19,1,1,0
BRDA:28,2,0,0
BRDA:28,2,1,0
BRDA:37,3,0,0
BRDA:37,3,1,0
BRF:8
BRH:0
end_of_record
TN:
SF:src\repositories\movieAdmin.repository.ts
FN:6,(anonymous_7)
FN:6,(anonymous_8)
FN:15,(anonymous_9)
FN:15,(anonymous_10)
FN:24,(anonymous_11)
FN:24,(anonymous_12)
FNF:6
FNH:4
FNDA:0,(anonymous_7)
FNDA:0,(anonymous_8)
FNDA:3,(anonymous_9)
FNDA:3,(anonymous_10)
FNDA:2,(anonymous_11)
FNDA:2,(anonymous_12)
DA:2,4
DA:3,4
DA:5,4
DA:6,0
DA:7,0
DA:8,0
DA:10,0
DA:11,0
DA:15,3
DA:16,3
DA:17,3
DA:19,0
DA:20,0
DA:24,2
DA:25,2
DA:26,2
DA:28,0
DA:29,0
LF:18
LH:9
BRDA:10,0,0,0
BRDA:10,0,1,0
BRDA:19,1,0,0
BRDA:19,1,1,0
BRDA:28,2,0,0
BRDA:28,2,1,0
BRF:6
BRH:0
end_of_record
TN:
SF:src\repositories\show.repository.ts
FN:6,(anonymous_7)
FN:6,(anonymous_8)
FN:15,(anonymous_9)
FN:15,(anonymous_10)
FN:24,(anonymous_11)
FN:24,(anonymous_12)
FNF:6
FNH:6
FNDA:1,(anonymous_7)
FNDA:1,(anonymous_8)
FNDA:3,(anonymous_9)
FNDA:3,(anonymous_10)
FNDA:1,(anonymous_11)
FNDA:1,(anonymous_12)
DA:1,4
DA:2,4
DA:5,4
DA:6,1
DA:7,1
DA:8,1
DA:10,0
DA:11,0
DA:15,3
DA:16,3
DA:17,3
DA:19,0
DA:20,0
DA:24,1
DA:25,1
DA:26,1
DA:28,0
DA:29,0
LF:18
LH:12
BRDA:10,0,0,0
BRDA:10,0,1,0
BRDA:19,1,0,0
BRDA:19,1,1,0
BRDA:28,2,0,0
BRDA:28,2,1,0
BRF:6
BRH:0
end_of_record
TN:
SF:src\repositories\theatreAdmin.repository.ts
FN:6,(anonymous_7)
FN:6,(anonymous_8)
FN:15,(anonymous_9)
FN:15,(anonymous_10)
FN:24,(anonymous_11)
FN:24,(anonymous_12)
FNF:6
FNH:4
FNDA:0,(anonymous_7)
FNDA:0,(anonymous_8)
FNDA:4,(anonymous_9)
FNDA:4,(anonymous_10)
FNDA:2,(anonymous_11)
FNDA:2,(anonymous_12)
DA:2,4
DA:3,4
DA:5,4
DA:6,0
DA:7,0
DA:8,0
DA:10,0
DA:11,0
DA:15,4
DA:16,4
DA:17,4
DA:19,0
DA:20,0
DA:24,2
DA:25,2
DA:26,2
DA:28,0
DA:29,0
LF:18
LH:9
BRDA:10,0,0,0
BRDA:10,0,1,0
BRDA:19,1,0,0
BRDA:19,1,1,0
BRDA:28,2,0,0
BRDA:28,2,1,0
BRF:6
BRH:0
end_of_record
TN:
SF:src\repositories\user.repository.ts
FN:6,(anonymous_7)
FN:6,(anonymous_8)
FN:15,(anonymous_9)
FN:15,(anonymous_10)
FN:24,(anonymous_11)
FN:24,(anonymous_12)
FNF:6
FNH:6
FNDA:1,(anonymous_7)
FNDA:1,(anonymous_8)
FNDA:1,(anonymous_9)
FNDA:1,(anonymous_10)
FNDA:2,(anonymous_11)
FNDA:2,(anonymous_12)
DA:2,4
DA:3,4
DA:5,4
DA:6,1
DA:7,1
DA:8,1
DA:10,0
DA:11,0
DA:15,1
DA:16,1
DA:17,1
DA:19,0
DA:20,0
DA:24,2
DA:25,2
DA:26,2
DA:28,0
DA:29,0
LF:18
LH:12
BRDA:10,0,0,0
BRDA:10,0,1,0
BRDA:19,1,0,0
BRDA:19,1,1,0
BRDA:28,2,0,0
BRDA:28,2,1,0
BRF:6
BRH:0
end_of_record
TN:
SF:src\repositories\venue.repository.ts
FN:6,(anonymous_7)
FN:6,(anonymous_8)
FN:15,(anonymous_9)
FN:15,(anonymous_10)
FNF:4
FNH:4
FNDA:2,(anonymous_7)
FNDA:2,(anonymous_8)
FNDA:5,(anonymous_9)
FNDA:5,(anonymous_10)
DA:2,4
DA:3,4
DA:5,4
DA:6,2
DA:7,2
DA:8,2
DA:10,0
DA:11,0
DA:15,5
DA:16,5
DA:17,5
DA:19,0
DA:20,0
LF:13
LH:9
BRDA:10,0,0,0
BRDA:10,0,1,0
BRDA:19,1,0,0
BRDA:19,1,1,0
BRF:4
BRH:0
end_of_record
TN:
SF:src\routes\auth.route.ts
FNF:0
FNH:0
DA:1,4
DA:2,4
DA:3,4
DA:4,4
DA:5,4
DA:7,4
DA:8,4
DA:9,4
DA:10,4
DA:12,4
LF:10
LH:10
BRF:0
BRH:0
end_of_record
TN:
SF:src\routes\booking.route.ts
FNF:0
FNH:0
DA:1,4
DA:2,4
DA:3,4
DA:4,4
DA:6,4
DA:7,4
DA:9,4
LF:7
LH:7
BRF:0
BRH:0
end_of_record
TN:
SF:src\routes\movie.route.ts
FNF:0
FNH:0
DA:1,4
DA:2,4
DA:3,4
DA:4,4
DA:5,4
DA:7,4
DA:8,4
DA:9,4
DA:10,4
DA:11,4
DA:13,4
LF:11
LH:11
BRF:0
BRH:0
end_of_record
TN:
SF:src\routes\show.route.ts
FNF:0
FNH:0
DA:1,4
DA:2,4
DA:3,4
DA:4,4
DA:6,4
DA:7,4
DA:8,4
DA:9,4
DA:10,4
DA:12,4
LF:10
LH:10
BRF:0
BRH:0
end_of_record
TN:
SF:src\routes\venue.route.ts
FNF:0
FNH:0
DA:1,4
DA:2,4
DA:3,4
DA:4,4
DA:6,4
DA:7,4
DA:8,4
DA:10,4
LF:8
LH:8
BRF:0
BRH:0
end_of_record
TN:
SF:src\services\booking.service.ts
FN:6,(anonymous_7)
FN:6,(anonymous_8)
FN:15,(anonymous_9)
FN:15,(anonymous_10)
FN:24,(anonymous_11)
FN:24,(anonymous_12)
FNF:6
FNH:0
FNDA:0,(anonymous_7)
FNDA:0,(anonymous_8)
FNDA:0,(anonymous_9)
FNDA:0,(anonymous_10)
FNDA:0,(anonymous_11)
FNDA:0,(anonymous_12)
DA:2,4
DA:3,4
DA:5,4
DA:6,0
DA:7,0
DA:8,0
DA:10,0
DA:11,0
DA:15,0
DA:16,0
DA:17,0
DA:19,0
DA:20,0
DA:24,0
DA:25,0
DA:26,0
DA:28,0
DA:29,0
LF:18
LH:3
BRDA:10,0,0,0
BRDA:10,0,1,0
BRDA:19,1,0,0
BRDA:19,1,1,0
BRDA:28,2,0,0
BRDA:28,2,1,0
BRF:6
BRH:0
end_of_record
TN:
SF:src\services\movie.service.ts
FN:7,(anonymous_7)
FN:7,(anonymous_8)
FN:16,(anonymous_9)
FN:16,(anonymous_10)
FN:46,(anonymous_11)
FN:46,(anonymous_12)
FN:71,(anonymous_13)
FN:71,(anonymous_14)
FNF:8
FNH:8
FNDA:2,(anonymous_7)
FNDA:2,(anonymous_8)
FNDA:1,(anonymous_9)
FNDA:1,(anonymous_10)
FNDA:1,(anonymous_11)
FNDA:1,(anonymous_12)
FNDA:1,(anonymous_13)
FNDA:1,(anonymous_14)
DA:2,4
DA:3,4
DA:4,4
DA:6,4
DA:7,2
DA:8,2
DA:9,2
DA:11,0
DA:12,0
DA:16,1
DA:17,1
DA:18,1
DA:20,1
DA:21,1
DA:24,0
DA:25,0
DA:26,0
DA:27,0
DA:28,0
DA:39,0
DA:41,0
DA:42,0
DA:46,1
DA:47,1
DA:48,1
DA:50,1
DA:51,0
DA:54,1
DA:55,1
DA:56,0
DA:64,1
DA:66,0
DA:67,0
DA:71,1
DA:72,1
DA:73,1
DA:75,0
DA:76,0
LF:38
LH:22
BRDA:11,0,0,0
BRDA:11,0,1,0
BRDA:20,1,0,1
BRDA:27,2,0,0
BRDA:41,3,0,0
BRDA:41,3,1,0
BRDA:50,4,0,0
BRDA:66,5,0,0
BRDA:66,5,1,0
BRDA:75,6,0,0
BRDA:75,6,1,0
BRF:11
BRH:1
end_of_record
TN:
SF:src\services\movieAdmin.service.ts
FN:6,(anonymous_7)
FN:6,(anonymous_8)
FN:15,(anonymous_9)
FN:15,(anonymous_10)
FN:24,(anonymous_11)
FN:24,(anonymous_12)
FN:35,(anonymous_13)
FN:35,(anonymous_14)
FNF:8
FNH:4
FNDA:0,(anonymous_7)
FNDA:0,(anonymous_8)
FNDA:0,(anonymous_9)
FNDA:0,(anonymous_10)
FNDA:2,(anonymous_11)
FNDA:2,(anonymous_12)
FNDA:2,(anonymous_13)
FNDA:2,(anonymous_14)
DA:2,4
DA:3,4
DA:5,4
DA:6,0
DA:7,0
DA:8,0
DA:10,0
DA:11,0
DA:15,0
DA:16,0
DA:17,0
DA:19,0
DA:20,0
DA:24,2
DA:25,2
DA:26,2
DA:27,2
DA:28,2
DA:30,0
DA:31,0
DA:35,2
DA:36,2
DA:37,2
DA:39,0
DA:40,0
LF:25
LH:11
BRDA:10,0,0,0
BRDA:10,0,1,0
BRDA:19,1,0,0
BRDA:19,1,1,0
BRDA:27,2,0,2
BRDA:27,2,1,0
BRDA:27,3,0,2
BRDA:27,3,1,0
BRDA:28,4,0,2
BRDA:28,4,1,0
BRDA:28,5,0,2
BRDA:28,5,1,0
BRDA:30,6,0,0
BRDA:30,6,1,0
BRDA:39,7,0,0
BRDA:39,7,1,0
BRF:16
BRH:4
end_of_record
TN:
SF:src\services\show.service.ts
FN:19,(anonymous_7)
FN:19,(anonymous_8)
FN:28,(anonymous_9)
FN:28,(anonymous_10)
FN:50,(anonymous_11)
FN:50,(anonymous_12)
FN:59,(anonymous_13)
FN:59,(anonymous_14)
FN:85,(anonymous_15)
FN:85,(anonymous_16)
FN:94,(anonymous_17)
FN:95,(anonymous_18)
FNF:12
FNH:10
FNDA:2,(anonymous_7)
FNDA:2,(anonymous_8)
FNDA:1,(anonymous_9)
FNDA:1,(anonymous_10)
FNDA:0,(anonymous_11)
FNDA:0,(anonymous_12)
FNDA:1,(anonymous_13)
FNDA:1,(anonymous_14)
FNDA:1,(anonymous_15)
FNDA:1,(anonymous_16)
FNDA:10,(anonymous_17)
FNDA:200,(anonymous_18)
DA:2,4
DA:3,4
DA:4,4
DA:5,4
DA:6,4
DA:18,4
DA:19,2
DA:20,2
DA:21,2
DA:23,0
DA:24,0
DA:28,1
DA:29,1
DA:30,1
DA:31,1
DA:32,0
DA:35,1
DA:36,1
DA:37,2
DA:38,10
DA:39,100
DA:43,1
DA:45,0
DA:46,0
DA:50,0
DA:51,0
DA:52,0
DA:54,0
DA:55,0
DA:59,1
DA:60,1
DA:61,1
DA:63,1
DA:64,0
DA:67,1
DA:68,1
DA:69,1
DA:78,1
DA:80,0
DA:81,0
DA:85,1
DA:86,1
DA:87,1
DA:88,1
DA:90,1
DA:91,1
DA:93,1
DA:94,1
DA:95,200
DA:97,1
DA:99,1
DA:100,2
DA:101,2
DA:107,2
DA:108,10
DA:109,100
DA:110,100
DA:111,100
DA:112,90
DA:118,1
DA:119,100
DA:120,100
DA:121,90
DA:128,1
DA:130,0
DA:131,0
LF:66
LH:51
BRDA:23,0,0,0
BRDA:23,0,1,0
BRDA:31,1,0,0
BRDA:45,2,0,0
BRDA:45,2,1,0
BRDA:54,3,0,0
BRDA:54,3,1,0
BRDA:63,4,0,0
BRDA:80,5,0,0
BRDA:80,5,1,0
BRDA:88,6,0,0
BRDA:91,7,0,0
BRDA:100,8,0,2
BRDA:111,9,0,90
BRDA:111,10,0,100
BRDA:111,10,1,90
BRDA:118,11,0,1
BRDA:118,11,1,0
BRDA:120,12,0,90
BRDA:120,13,0,100
BRDA:120,13,1,90
BRDA:120,13,2,90
BRDA:130,14,0,0
BRDA:130,14,1,0
BRF:24
BRH:9
end_of_record
TN:
SF:src\services\theatreAdmin.service.ts
FN:6,(anonymous_7)
FN:6,(anonymous_8)
FN:15,(anonymous_9)
FN:15,(anonymous_10)
FN:24,(anonymous_11)
FN:24,(anonymous_12)
FN:35,(anonymous_13)
FN:35,(anonymous_14)
FNF:8
FNH:6
FNDA:0,(anonymous_7)
FNDA:0,(anonymous_8)
FNDA:1,(anonymous_9)
FNDA:1,(anonymous_10)
FNDA:2,(anonymous_11)
FNDA:2,(anonymous_12)
FNDA:2,(anonymous_13)
FNDA:2,(anonymous_14)
DA:2,4
DA:3,4
DA:5,4
DA:6,0
DA:7,0
DA:8,0
DA:10,0
DA:11,0
DA:15,1
DA:16,1
DA:17,1
DA:19,0
DA:20,0
DA:24,2
DA:25,2
DA:26,2
DA:27,2
DA:28,2
DA:30,0
DA:31,0
DA:35,2
DA:36,2
DA:37,2
DA:39,0
DA:40,0
LF:25
LH:14
BRDA:10,0,0,0
BRDA:10,0,1,0
BRDA:19,1,0,0
BRDA:19,1,1,0
BRDA:27,2,0,2
BRDA:27,2,1,0
BRDA:27,3,0,2
BRDA:27,3,1,0
BRDA:28,4,0,2
BRDA:28,4,1,0
BRDA:28,5,0,2
BRDA:28,5,1,0
BRDA:30,6,0,0
BRDA:30,6,1,0
BRDA:39,7,0,0
BRDA:39,7,1,0
BRF:16
BRH:4
end_of_record
TN:
SF:src\services\user.service.ts
FN:6,(anonymous_7)
FN:6,(anonymous_8)
FN:15,(anonymous_9)
FN:15,(anonymous_10)
FN:24,(anonymous_11)
FN:24,(anonymous_12)
FN:35,(anonymous_13)
FN:35,(anonymous_14)
FNF:8
FNH:6
FNDA:1,(anonymous_7)
FNDA:1,(anonymous_8)
FNDA:1,(anonymous_9)
FNDA:1,(anonymous_10)
FNDA:0,(anonymous_11)
FNDA:0,(anonymous_12)
FNDA:2,(anonymous_13)
FNDA:2,(anonymous_14)
DA:2,4
DA:3,4
DA:5,4
DA:6,1
DA:7,1
DA:8,1
DA:10,0
DA:11,0
DA:15,1
DA:16,1
DA:17,1
DA:19,0
DA:20,0
DA:24,0
DA:25,0
DA:26,0
DA:27,0
DA:28,0
DA:30,0
DA:31,0
DA:35,2
DA:36,2
DA:37,2
DA:39,0
DA:40,0
LF:25
LH:12
BRDA:10,0,0,0
BRDA:10,0,1,0
BRDA:19,1,0,0
BRDA:19,1,1,0
BRDA:27,2,0,0
BRDA:27,2,1,0
BRDA:27,3,0,0
BRDA:27,3,1,0
BRDA:28,4,0,0
BRDA:28,4,1,0
BRDA:28,5,0,0
BRDA:28,5,1,0
BRDA:30,6,0,0
BRDA:30,6,1,0
BRDA:39,7,0,0
BRDA:39,7,1,0
BRF:16
BRH:0
end_of_record
TN:
SF:src\services\venue.service.ts
FN:7,(anonymous_7)
FN:7,(anonymous_8)
FN:16,(anonymous_9)
FN:16,(anonymous_10)
FN:25,(anonymous_11)
FN:25,(anonymous_12)
FN:49,(anonymous_13)
FN:49,(anonymous_14)
FNF:8
FNH:8
FNDA:2,(anonymous_7)
FNDA:2,(anonymous_8)
FNDA:1,(anonymous_9)
FNDA:1,(anonymous_10)
FNDA:1,(anonymous_11)
FNDA:1,(anonymous_12)
FNDA:3,(anonymous_13)
FNDA:3,(anonymous_14)
DA:2,4
DA:3,4
DA:4,4
DA:6,4
DA:7,2
DA:8,2
DA:9,2
DA:11,0
DA:12,0
DA:16,1
DA:17,1
DA:18,1
DA:20,0
DA:21,0
DA:25,1
DA:26,1
DA:27,1
DA:29,1
DA:30,1
DA:33,0
DA:34,0
DA:35,0
DA:36,0
DA:42,0
DA:44,0
DA:45,0
DA:49,3
DA:50,3
DA:51,3
DA:52,3
DA:54,0
DA:55,0
LF:32
LH:19
BRDA:11,0,0,0
BRDA:11,0,1,0
BRDA:20,1,0,0
BRDA:20,1,1,0
BRDA:29,2,0,1
BRDA:38,3,0,0
BRDA:38,3,1,0
BRDA:38,4,0,0
BRDA:38,4,1,0
BRDA:39,5,0,0
BRDA:39,5,1,0
BRDA:39,6,0,0
BRDA:39,6,1,0
BRDA:44,7,0,0
BRDA:44,7,1,0
BRDA:54,8,0,0
BRDA:54,8,1,0
BRF:17
BRH:1
end_of_record
